=================================================
=================================================

c:\blissadm\pco\install_1.401>python LimaCCDs.py edge -ORBendPoint giop:tcp:160.103.125.176:
Failed to import EventChannelFactory notifd/factory/WPCOID191.esrf.fr from the Tango database
============= Properties =============
         keys: {'cam_ip_addresse': 'dummy'}
       params: []
     paramsIn:
debug_control: [0] [0x0]
 debug_module: [0] [0x0]
 debug_format: [0x31] [0x31]
   debug_type: [0] [0x0]
======================================
[2017/04/04 12:34:15.732220] lima::Pco::Camera::Camera (..\..\..\..\src\PcoCamera.cpp:255): m_pcoData->version=
$Id: comp[2015/10/21 14:37:49] file[2015/10/21 14:02:09] [..\..\..\..\src\PcoCamera.cpp] $
$Id: comp[2015/10/21 14:37:45] file[2015/10/20 19:16:19] [..\..\..\..\src\PcoSyncCtrlObj.cpp] $
$Id: comp[2015/10/21 14:37:47] file[2015/10/20 19:16:19] [..\..\..\..\src\PcoInterface.cpp] $
$Id: comp[2015/10/21 14:37:50] file[2015/10/20 19:16:19] [..\..\..\..\src\PcoBufferCtrlObj.cpp] $
$Id: comp[2015/10/21 14:37:48] file[2015/10/20 18:02:26] [..\..\..\..\src\PcoDetInfoCtrlObj.cpp] $
$Id: comp[2015/10/21 14:37:48] file[2015/10/21 09:50:51] [..\..\..\..\src\PcoCameraUtils.cpp] $
$Id: comp[2015/10/21 14:37:46] file[2015/10/20 18:02:26] [..\..\..\..\src\PcoRoiCtrlObj.cpp] $
$Id:       PCO rev[2015-10-21 14:29:54 +0200] head[99e7b41][99e7b410d97baa80576b0eab9932cf1172b364f7] ref[ (HEAD, origin/develop_02, develop_02)] at [2015/
10/21 14:32:27] $
$Id:   PROCLIB rev[2015-06-09 14:50:05 +0200] head[7d49ed4][7d49ed48b9fe864251f4e6a9477699011297e39f] ref[ (HEAD, origin/master, origin/HEAD, master)] at [
2015/10/21 14:32:27] $
$Id: LIBCONFIG rev[2013-02-07 18:08:29 +0100] head[89c411a][89c411a541d4ab4d66257ccb85749853fd685cbb] ref[ (HEAD, origin/master, origin/HEAD, master)] at [
2015/10/21 14:32:27] $
$Id:      LIMA rev[2015-09-25 13:19:22 +0200] head[753502f][753502fa269791d412013ded76ebb81bfdee4bd0] ref[ (HEAD, origin/core-1.4, core-1.4)] at [2015/10/2
1 14:32:27] $
$Id:     TANGO rev[2015-09-25 13:19:22 +0200] head[753502f][753502fa269791d412013ded76ebb81bfdee4bd0] ref[ (HEAD, origin/core-1.4, core-1.4)] at [2015/10/2
1 14:32:27] $

       timestamp: 2017/04/04 12:34:15
   computer name: WPCOID191
       user name: opd05
VS configuration: $Id: [Oct 21 2015 14:37:48] VS platform[Win32]  configuration[Release_Win7_Sync]   $

[2017/04/04 12:34:15.919420] lima::Pco::Camera::_init (..\..\..\..\src\PcoCamera.cpp:270): lima::Pco::Camera::_init [entry]
[2017/04/04 12:34:24.624220] lima::Pco::Camera::_pcoGet_Camera_Type (..\..\..\..\src\PcoCamera.cpp:1793): m_pcoData->model=PCO EDGE GL, m_pcoData->iface=CA



[2017/04/04 12:35:22.547316] lima::Pco::Camera::PcoCheckError (..\..\..\..\src\PcoCamera.cpp:1296): lima::Pco::Camera::PcoCheckError: msg=Firmware error 80
03101e at device 'SC2 Main uP': Value is out of range. [..\..\..\..\src\PcoCamera.cpp][2226]
=== PCO_GetCameraSetup PcoError[x8003101e][Firmware error 8003101e at device 'SC2 Main uP': Value is out of range. [..\..\..\..\src\PcoCamera.cpp][2226]] [
..\..\..\..\src\PcoCamera.cpp][2228]
[2017/04/04 12:36:07.335777] lima::Pco::Camera::PcoCheckError (..\..\..\..\src\PcoCamera.cpp:1296): lima::Pco::Camera::PcoCheckError: msg=Firmware error 80
03101e at device 'SC2 Main uP': Value is out of range. [..\..\..\..\src\PcoCamera.cpp][2226]

=== PCO_GetCameraSetup PcoError[x8003101e][Firmware error 8003101e at device 'SC2 Main uP': Value is out of range. [..\..\..\..\src\PcoCamera.cpp][2226]] [
..\..\..\..\src\PcoCamera.cpp][2228]

=== _pco_shutter_thread_edge 2017/04/04 12:36:07> ENTRY
[2017/04/04 12:36:07.382578] lima::Pco::Camera::_pco_set_shutter_rolling_edge (..\..\..\..\src\PcoCamera.cpp:2136): lima::Pco::Camera::_pco_set_shutter_rol
ling_edge [entry - edge]
[2017/04/04 12:36:07.398178] lima::Pco::Camera::PcoCheckError (..\..\..\..\src\PcoCamera.cpp:1296): lima::Pco::Camera::PcoCheckError: msg=Firmware error 80
03101e at device 'SC2 Main uP': Value is out of range. [..\..\..\..\src\PcoCamera.cpp][2159]

=== PCO_GetCameraSetup PcoError[x8003101e][Firmware error 8003101e at device 'SC2 Main uP': Value is out of range. [..\..\..\..\src\PcoCamera.cpp][2159]] [
..\..\..\..\src\PcoCamera.cpp][2161]

=== _pco_shutter_thread_edge> EXIT
[2017/04/04 12:36:07.429379] lima::Pco::SyncCtrlObj::setStarted (..\..\..\..\src\PcoSyncCtrlObj.cpp:458): lima::Pco::SyncCtrlObj::setStarted[exit]: m_start
ed=0, started=0


=================================================
=================================================
--- 2017/03/14 17:09:05 lima::Pco::Camera::startAcq [ENTRY]

lima::Pco::Camera::startAcq (..\..\..\..\src\PcoCamera.cpp:838):
> test=0
   _get_Roi> x0=1, x1=2560, y0=1, y1=2160
   _get_Roi> wRoiX0=1, wRoiX1=2560, wRoiY0=1, wRoiY1=2160
   PCO_GetROI> wRoiX0Now=1, wRoiY0Now=1, wRoiX1Now=2560, wRoiY1Now=2160
lima::Pco::Camera::startAcq (..\..\..\..\src\PcoCamera.cpp:846):
   PCO_SetROI> m_RoiLima=<0,0>-<2560x2160>, wRoiX0=1, wRoiY0=1, wRoiX1=2560, wRoiY1=2160
lima::Pco::Camera::startAcq (..\..\..\..\src\PcoCamera.cpp:856):
   PCO_GetROI> wRoiX0Now=1, wRoiY0Now=1, wRoiX1Now=2560, wRoiY1Now=2160
   PCO_GetROI> m_pcoData->wRoiX0Now=1, m_pcoData->wRoiY0Now=1, m_pcoData->wRoiX1Now=2560, m_pcoData->wRoiY1Now=2160
lima::Pco::SyncCtrlObj::xlatLimaTrigMode2PcoTrigMode (..\..\..\..\src\PcoSyncCtrlObj.cpp:320): lima::Pco::SyncCtrlObj::xlatLimaTrigMode2PcoTrigMode: pcoTri
gMode=2, m_trig_mode=ExtTrigMult, ext_trig=1
lima::Pco::SyncCtrlObj::xlatLimaTrigMode2PcoAcqMode (..\..\..\..\src\PcoSyncCtrlObj.cpp:233): lima::Pco::SyncCtrlObj::xlatLimaTrigMode2PcoAcqMode: pcoAcqMo
de=0, m_trig_mode=ExtTrigMult
lima::Pco::Camera::_pco_SetPixelRate (..\..\..\..\src\PcoCameraSdk.cpp:217): PIXEL rate (actual/req): _dwPixelRateOld=286000000, _dwPixelRateReq=0
----- path[c:\blissadm\pco\install-beta\Lima\liblimapco.dll] path1[c:\blissadm\pco\install-beta\INSTALL_VERSION.txt] drive[c:] dir[\blissadm\pco\install-be
ta]
lima::Pco::Camera::_pco_SetTransferParameter_SetActiveLookupTable (..\..\..\..\src\PcoCameraSdk.cpp:464): PCO_SetTransferParameter (clTransferParam) EDGE H
S / 5x16 TOP_CENTER_BOTTOM_CENTER / LUT off
lima::Pco::Camera::startAcq (..\..\..\..\src\PcoCamera.cpp:953):
   ARM the camera / PCO_ArmCamera (1)
lima::Pco::BufferCtrlObj::_pcoAllocBuffersFree (..\..\..\..\src\PcoBufferCtrlObj.cpp:1691): lima::Pco::BufferCtrlObj::_pcoAllocBuffersFree [ENTRY]
lima::Pco::BufferCtrlObj::_pcoAllocBuffers (..\..\..\..\src\PcoBufferCtrlObj.cpp:1641): lima::Pco::BufferCtrlObj::_pcoAllocBuffers bufIdx=0, _dwAllocatedBu
fferSize=11059200
lima::Pco::BufferCtrlObj::_pcoAllocBuffers (..\..\..\..\src\PcoBufferCtrlObj.cpp:1641): lima::Pco::BufferCtrlObj::_pcoAllocBuffers bufIdx=1, _dwAllocatedBu
fferSize=11059200
lima::Pco::BufferCtrlObj::_pcoAllocBuffers (..\..\..\..\src\PcoBufferCtrlObj.cpp:1641): lima::Pco::BufferCtrlObj::_pcoAllocBuffers bufIdx=2, _dwAllocatedBu
fferSize=11059200
lima::Pco::BufferCtrlObj::_pcoAllocBuffers (..\..\..\..\src\PcoBufferCtrlObj.cpp:1641): lima::Pco::BufferCtrlObj::_pcoAllocBuffers bufIdx=3, _dwAllocatedBu
fferSize=11059200
lima::Pco::Camera::_pco_SetImageParameters (..\..\..\..\src\PcoCameraSdk.cpp:364): PCO_SetImageParameters: wXres=2560, wYres=2160, dwFlags=2
#------ set exposing
lima::Pco::SyncCtrlObj::setStarted (..\..\..\..\src\PcoSyncCtrlObj.cpp:537): lima::Pco::SyncCtrlObj::setStarted[exit]: m_started=1, started=1
lima::Pco::SyncCtrlObj::setExposing (..\..\..\..\src\PcoSyncCtrlObj.cpp:521): lima::Pco::SyncCtrlObj::setExposing[exit]: m_exposing=1, exposing=1
lima::Pco::Camera::startAcq (..\..\..\..\src\PcoCamera.cpp:1007): +++ getExposing / pcoAcqRecordStart - WAIT - val=1, val0=2, retry=2
lima::Pco::Camera::_traceMsg (..\..\..\..\src\PcoCameraUtils.cpp:2451):
>>>  _pco_acq_thread_edge> [ENTRY]
lima::Pco::Camera::_pco_GetTimestampMode (..\..\..\..\src\PcoCameraSdk.cpp:1225):
   mode=2
lima::Pco::BufferCtrlObj::_xferImag (..\..\..\..\src\PcoBufferCtrlObj.cpp:394):
=================================================
--- 2017/03/14 17:09:07 lima::Pco::BufferCtrlObj::_xferImag [WaitForMultipleObjects] [ENTRY]

lima::Pco::BufferCtrlObj::_xferImag (..\..\..\..\src\PcoBufferCtrlObj.cpp:415):
    requested_nb_frames=1000, dwRequestedFrames=1000, live_mode=0
lima::Pco::BufferCtrlObj::_xferImag (..\..\..\..\src\PcoBufferCtrlObj.cpp:489): ========================= recordingState 1 - AFTER ASSIGN (_xferImag)
lima::Pco::Camera::_pco_SetRecordingState (..\..\..\..\src\PcoCameraSdk.cpp:925): lima::Pco::Camera::_pco_SetRecordingState: PCO_SetRecordingState wRecStat
e_new=1
lima::Pco::SyncCtrlObj::setExposing (..\..\..\..\src\PcoSyncCtrlObj.cpp:521): lima::Pco::SyncCtrlObj::setExposing[exit]: m_exposing=2, exposing=2
lima::Pco::Camera::startAcq (..\..\..\..\src\PcoCamera.cpp:1010): +++ getExposing / pcoAcqRecordStart - EXIT - val=2, val0=2, retry=2
#------ set exposing
lima::Pco::SyncCtrlObj::setStarted (..\..\..\..\src\PcoSyncCtrlObj.cpp:537): lima::Pco::SyncCtrlObj::setStarted[exit]: m_started=1, started=1

=== lima::Pco::BufferCtrlObj::_xferImag> WAITOBJ ERROR - TIMEOUT [2]
lima::SoftBufferCtrlObj::Sync::release (..\..\..\..\hardware\src\HwBufferMgr.cpp:828): Exception(Error):  [thrown]   <--------------

This application has requested the Runtime to terminate it in an unusual way.
Please contact the application's support team for more information.
