
2016/11/18 19:00:00 ==========================================
scp: copied local directory to segfs and /tmp_14_days:
from: [../../install/] and [./bat/]
  to: [blissadm@lid00a:/segfs/bliss/projects/LIMA/build/depot_win/win_vc9/pco/install-2016-11-18_185951]
  to: [/t/rhoms1/install-2016-11-18_185951]
  to: [/t/rhoms1/install-beta]



2016/11/18 18:57:38 ==========================================
#define        PCO_SDK_VERSION "$Id:    PCOSDK [1.20] $"
#define        PCO_GIT_VERSION "$Id:       PCO rev[2016-11-18 18:55:54 +0100] head[a4c886c][a4c886cebd5c184c5f5daca984d286589c9c6eb8] ref[ (HEAD, gitrh/master, master)] at [2016/11/18 18:57:37] $"
#define       LIMA_GIT_VERSION "$Id:      LIMA rev[2016-10-21 17:15:42 +0200] head[7d896a3][7d896a38135815af8765a61414ac6a33aa9ef78a] ref[ (HEAD, gitrh/pco-1.6.1, pco-1.6.1)] at [2016/11/18 18:57:37] $"
#define    PROCLIB_GIT_VERSION "$Id:   PROCLIB rev[2016-01-15 15:44:08 +0100] head[3a08863][3a0886386e57a24ced072832d321d2dc43449e0b] ref[ (HEAD, origin/master, origin/HEAD, master)] at [2016/11/18 18:57:37] $"
#define  LIBCONFIG_GIT_VERSION "$Id: LIBCONFIG rev[2013-02-07 18:08:29 +0100] head[89c411a][89c411a541d4ab4d66257ccb85749853fd685cbb] ref[ (HEAD, origin/master, origin/HEAD, master)] at [2016/11/18 18:57:37] $"
#define      TANGO_GIT_VERSION "$Id:     TANGO rev[2016-09-27 17:28:03 +0200] head[75531aa][75531aaf9bcda8b27a09b92cf355307847835d6c] ref[ (HEAD, github/master, github/HEAD)] at [2016/11/18 18:57:37] $"
#define       SPEC_GIT_VERSION "$Id:      SPEC rev[2016-10-10 09:40:10 +0200] head[65690d3][65690d3b7d24783256b279542a796c8a8a3f795f] ref[ (HEAD, origin/master, origin/HEAD)] at [2016/11/18 18:57:37] $"



2016/11/18 18:47:02 ==========================================
scp: copied local directory to segfs and /tmp_14_days:
from: [../../install/] and [./bat/]
  to: [blissadm@lid00a:/segfs/bliss/projects/LIMA/build/depot_win/win_vc9/pco/install-2016-11-18_184653]
  to: [/t/rhoms1/install-2016-11-18_184653]
  to: [/t/rhoms1/install-beta]


- working test in wid15dimax2 / pco edge 5.5 ch hs me5
- minor / tmp save

2016/11/18 02:58:11 ==========================================
#define        PCO_SDK_VERSION "$Id:    PCOSDK [1.20] $"
#define        PCO_GIT_VERSION "$Id:       PCO rev[2016-11-17 12:54:36 +0100] head[c1037d9][c1037d9dd819d57b4a32b583f70bf767ea906e09] ref[ (HEAD, gitrh/master, master)] at [2016/11/18 02:58:11] $"
#define       LIMA_GIT_VERSION "$Id:      LIMA rev[2016-10-21 17:15:42 +0200] head[7d896a3][7d896a38135815af8765a61414ac6a33aa9ef78a] ref[ (HEAD, gitrh/pco-1.6.1, pco-1.6.1)] at [2016/11/18 02:58:11] $"
#define    PROCLIB_GIT_VERSION "$Id:   PROCLIB rev[2016-01-15 15:44:08 +0100] head[3a08863][3a0886386e57a24ced072832d321d2dc43449e0b] ref[ (HEAD, origin/master, origin/HEAD, master)] at [2016/11/18 02:58:11] $"
#define  LIBCONFIG_GIT_VERSION "$Id: LIBCONFIG rev[2013-02-07 18:08:29 +0100] head[89c411a][89c411a541d4ab4d66257ccb85749853fd685cbb] ref[ (HEAD, origin/master, origin/HEAD, master)] at [2016/11/18 02:58:11] $"
#define      TANGO_GIT_VERSION "$Id:     TANGO rev[2016-09-27 17:28:03 +0200] head[75531aa][75531aaf9bcda8b27a09b92cf355307847835d6c] ref[ (HEAD, github/master, github/HEAD)] at [2016/11/18 02:58:11] $"
#define       SPEC_GIT_VERSION "$Id:      SPEC rev[2016-10-10 09:40:10 +0200] head[65690d3][65690d3b7d24783256b279542a796c8a8a3f795f] ref[ (HEAD, origin/master, origin/HEAD)] at [2016/11/18 02:58:11] $"


- options for hwio signals 
- timestampActions
- minor / tmp save

2016/11/17 12:49:48 ==========================================
scp: copied local directory to segfs and /tmp_14_days:
from: [../../install/] and [./bat/]
  to: [blissadm@lid00a:/segfs/bliss/projects/LIMA/build/depot_win/win_vc9/pco/install-2016-11-17_124940]
  to: [/t/rhoms1/install-2016-11-17_124940]
  to: [/t/rhoms1/install-beta]




2016/11/14 17:34:12 ==========================================
scp: copied local directory to segfs and /tmp_14_days:
from: [../../install/] and [./bat/]
  to: [blissadm@lid00a:/segfs/bliss/projects/LIMA/build/depot_win/win_vc9/pco/install-2016-11-14_173403]
  to: [/t/rhoms1/install-2016-11-14_173403]
  to: [/t/rhoms1/install-beta]



2016/11/14 17:33:16 ==========================================
#define        PCO_SDK_VERSION "$Id:    PCOSDK [1.20] $"
#define        PCO_GIT_VERSION "$Id:       PCO rev[2016-11-09 17:54:13 +0100] head[0b2b89b][0b2b89bef3d4d0528b2dac32f5b1af75b43a4f9b] ref[ (HEAD, gitrh/master, master)] at [2016/11/14 17:33:14] $"
#define       LIMA_GIT_VERSION "$Id:      LIMA rev[2016-10-21 17:15:42 +0200] head[7d896a3][7d896a38135815af8765a61414ac6a33aa9ef78a] ref[ (HEAD, gitrh/pco-1.6.1, pco-1.6.1)] at [2016/11/14 17:33:14] $"
#define    PROCLIB_GIT_VERSION "$Id:   PROCLIB rev[2016-01-15 15:44:08 +0100] head[3a08863][3a0886386e57a24ced072832d321d2dc43449e0b] ref[ (HEAD, origin/master, origin/HEAD, master)] at [2016/11/14 17:33:14] $"
#define  LIBCONFIG_GIT_VERSION "$Id: LIBCONFIG rev[2013-02-07 18:08:29 +0100] head[89c411a][89c411a541d4ab4d66257ccb85749853fd685cbb] ref[ (HEAD, origin/master, origin/HEAD, master)] at [2016/11/14 17:33:14] $"
#define      TANGO_GIT_VERSION "$Id:     TANGO rev[2016-09-27 17:28:03 +0200] head[75531aa][75531aaf9bcda8b27a09b92cf355307847835d6c] ref[ (HEAD, github/master, github/HEAD)] at [2016/11/14 17:33:14] $"
#define       SPEC_GIT_VERSION "$Id:      SPEC rev[2016-10-10 09:40:10 +0200] head[65690d3][65690d3b7d24783256b279542a796c8a8a3f795f] ref[ (HEAD, origin/master, origin/HEAD)] at [2016/11/14 17:33:14] $"



2016/10/28 13:34:16 ==========================================
scp: copied local directory to segfs and /tmp_14_days:
from: [../../install/] and [./bat/]
  to: [blissadm@lid00a:/segfs/bliss/projects/LIMA/build/depot_win/win_vc9/pco/install-2016-10-28_133410]
  to: [/t/rhoms1/install-2016-10-28_133410]
  to: [/t/rhoms1/install-beta]



2016/10/28 13:21:25 ==========================================
#define        PCO_SDK_VERSION "$Id:    PCOSDK [1.20] $"
#define        PCO_GIT_VERSION "$Id:       PCO rev[2016-10-28 13:20:34 +0200] head[023a3e2][023a3e20c7b1ad990cf1460b83d87bb51c287fc4] ref[ (HEAD, master)] at [2016/10/28 13:21:25] $"
#define       LIMA_GIT_VERSION "$Id:      LIMA rev[2016-10-21 17:15:42 +0200] head[7d896a3][7d896a38135815af8765a61414ac6a33aa9ef78a] ref[ (HEAD, gitrh/pco-1.6.1, pco-1.6.1)] at [2016/10/28 13:21:25] $"
#define    PROCLIB_GIT_VERSION "$Id:   PROCLIB rev[2016-01-15 15:44:08 +0100] head[3a08863][3a0886386e57a24ced072832d321d2dc43449e0b] ref[ (HEAD, origin/master, origin/HEAD, master)] at [2016/10/28 13:21:25] $"
#define  LIBCONFIG_GIT_VERSION "$Id: LIBCONFIG rev[2013-02-07 18:08:29 +0100] head[89c411a][89c411a541d4ab4d66257ccb85749853fd685cbb] ref[ (HEAD, origin/master, origin/HEAD, master)] at [2016/10/28 13:21:25] $"
#define      TANGO_GIT_VERSION "$Id:     TANGO rev[2016-09-27 17:28:03 +0200] head[75531aa][75531aaf9bcda8b27a09b92cf355307847835d6c] ref[ (HEAD, github/master, github/HEAD)] at [2016/10/28 13:21:25] $"
#define       SPEC_GIT_VERSION "$Id:      SPEC rev[2016-10-10 09:40:10 +0200] head[65690d3][65690d3b7d24783256b279542a796c8a8a3f795f] ref[ (HEAD, origin/master, origin/HEAD)] at [2016/10/28 13:21:25] $"

- fix dimax/2k/4k - pre recording state

=============================== merged github/gitrh
2016/10/25 13:32:24 ==========================================
#define        PCO_SDK_VERSION "$Id:    PCOSDK [1.20] $"
#define        PCO_GIT_VERSION "$Id:       PCO rev[2016-10-25 13:20:07 +0200] head[f7de3b8][f7de3b8afee0b80a650f409bea5ef59f6a7a2471] ref[ (HEAD, gitrh/master, master)] at [2016/10/25 13:32:23] $"
#define       LIMA_GIT_VERSION "$Id:      LIMA rev[2016-10-21 17:15:42 +0200] head[7d896a3][7d896a38135815af8765a61414ac6a33aa9ef78a] ref[ (HEAD, gitrh/pco-1.6.1, pco-1.6.1)] at [2016/10/25 13:32:23] $"
#define    PROCLIB_GIT_VERSION "$Id:   PROCLIB rev[2016-01-15 15:44:08 +0100] head[3a08863][3a0886386e57a24ced072832d321d2dc43449e0b] ref[ (HEAD, origin/master, origin/HEAD, master)] at [2016/10/25 13:32:23] $"
#define  LIBCONFIG_GIT_VERSION "$Id: LIBCONFIG rev[2013-02-07 18:08:29 +0100] head[89c411a][89c411a541d4ab4d66257ccb85749853fd685cbb] ref[ (HEAD, origin/master, origin/HEAD, master)] at [2016/10/25 13:32:23] $"
#define      TANGO_GIT_VERSION "$Id:     TANGO rev[2016-09-27 17:28:03 +0200] head[75531aa][75531aaf9bcda8b27a09b92cf355307847835d6c] ref[ (HEAD, github/master, github/HEAD)] at [2016/10/25 13:32:23] $"
#define       SPEC_GIT_VERSION "$Id:      SPEC rev[2016-10-10 09:40:10 +0200] head[65690d3][65690d3b7d24783256b279542a796c8a8a3f795f] ref[ (HEAD, origin/master, origin/HEAD)] at [2016/10/25 13:32:23] $"

2016/10/25 11:05:02 ==========================================
#define        PCO_SDK_VERSION "$Id:    PCOSDK [1.20] $"
#define        PCO_GIT_VERSION "$Id:       PCO rev[2016-10-04 12:38:49 +0200] head[c89c8a2][c89c8a2783030471d0f06b3e86cfb5897ddd55a6] ref[ (HEAD, tag: pco-win64-1.601, github/master, github/HEAD, master)] at [2016/10/25 11:05:02] $"
#define       LIMA_GIT_VERSION "$Id:      LIMA rev[2016-10-21 17:15:42 +0200] head[7d896a3][7d896a38135815af8765a61414ac6a33aa9ef78a] ref[ (HEAD, gitrh/pco-1.6.1, pco-1.6.1)] at [2016/10/25 11:05:02] $"
#define    PROCLIB_GIT_VERSION "$Id:   PROCLIB rev[2016-01-15 15:44:08 +0100] head[3a08863][3a0886386e57a24ced072832d321d2dc43449e0b] ref[ (HEAD, origin/master, origin/HEAD, master)] at [2016/10/25 11:05:02] $"
#define  LIBCONFIG_GIT_VERSION "$Id: LIBCONFIG rev[2013-02-07 18:08:29 +0100] head[89c411a][89c411a541d4ab4d66257ccb85749853fd685cbb] ref[ (HEAD, origin/master, origin/HEAD, master)] at [2016/10/25 11:05:02] $"
#define      TANGO_GIT_VERSION "$Id:     TANGO rev[2016-09-27 17:28:03 +0200] head[75531aa][75531aaf9bcda8b27a09b92cf355307847835d6c] ref[ (HEAD, github/master, github/HEAD)] at [2016/10/25 11:05:02] $"
#define       SPEC_GIT_VERSION "$Id:      SPEC rev[2016-10-10 09:40:10 +0200] head[65690d3][65690d3b7d24783256b279542a796c8a8a3f795f] ref[ (HEAD, origin/master, origin/HEAD)] at [2016/10/25 11:05:02] $"
=============================== merged github/gitrh




2016/10/24 11:32:02 ==========================================
#define        PCO_SDK_VERSION "$Id:    PCOSDK [1.20] $"
#define        PCO_GIT_VERSION "$Id:       PCO rev[2016-10-21 17:33:10 +0200] head[0fdff6b][0fdff6be950f6ea5dc12231c9c1cdd9917b46fee] ref[ (HEAD, gitrh/master, master)] at [2016/10/24 11:32:01] $"
#define       LIMA_GIT_VERSION "$Id:      LIMA rev[2016-10-21 17:15:42 +0200] head[7d896a3][7d896a38135815af8765a61414ac6a33aa9ef78a] ref[ (HEAD, gitrh/pco-1.6.1, pco-1.6.1)] at [2016/10/24 11:32:01] $"
#define    PROCLIB_GIT_VERSION "$Id:   PROCLIB rev[2016-01-15 15:44:08 +0100] head[3a08863][3a0886386e57a24ced072832d321d2dc43449e0b] ref[ (HEAD, origin/master, origin/HEAD, master)] at [2016/10/24 11:32:01] $"
#define  LIBCONFIG_GIT_VERSION "$Id: LIBCONFIG rev[2013-02-07 18:08:29 +0100] head[89c411a][89c411a541d4ab4d66257ccb85749853fd685cbb] ref[ (HEAD, origin/master, origin/HEAD, master)] at [2016/10/24 11:32:01] $"
#define      TANGO_GIT_VERSION "$Id:     TANGO rev[2016-09-27 17:28:03 +0200] head[75531aa][75531aaf9bcda8b27a09b92cf355307847835d6c] ref[ (HEAD, github/master, github/HEAD)] at [2016/10/24 11:32:01] $"
#define       SPEC_GIT_VERSION "$Id:      SPEC rev[2016-10-10 09:40:10 +0200] head[65690d3][65690d3b7d24783256b279542a796c8a8a3f795f] ref[ (HEAD, origin/master, origin/HEAD)] at [2016/10/24 11:32:01] $"



2016/10/24 10:07:04 ==========================================
scp: copied local directory to segfs and /tmp_14_days:
from: [../../install/] and [./bat/]
  to: [blissadm@lid00a:/segfs/bliss/projects/LIMA/build/depot_win/win_vc9/pco/install-2016-10-24_100657]
  to: [/t/rhoms1/install-2016-10-24_100657]
  to: [/t/rhoms1/install-beta]

- clTransferParameters / included cameralinkHS


2016/10/21 17:31:31 ==========================================
#define        PCO_SDK_VERSION "$Id:    PCOSDK [1.20] $"
#define        PCO_GIT_VERSION "$Id:       PCO rev[2016-10-21 17:11:33 +0200] head[ad7e43a][ad7e43a122dc712ce24fe6051319d9ed78f1cb06] ref[ (HEAD, gitrh/master, master)] at [2016/10/21 17:31:31] $"
#define       LIMA_GIT_VERSION "$Id:      LIMA rev[2016-10-21 17:15:42 +0200] head[7d896a3][7d896a38135815af8765a61414ac6a33aa9ef78a] ref[ (HEAD, gitrh/pco-1.6.1, pco-1.6.1)] at [2016/10/21 17:31:31] $"
#define    PROCLIB_GIT_VERSION "$Id:   PROCLIB rev[2016-01-15 15:44:08 +0100] head[3a08863][3a0886386e57a24ced072832d321d2dc43449e0b] ref[ (HEAD, origin/master, origin/HEAD, master)] at [2016/10/21 17:31:31] $"
#define  LIBCONFIG_GIT_VERSION "$Id: LIBCONFIG rev[2013-02-07 18:08:29 +0100] head[89c411a][89c411a541d4ab4d66257ccb85749853fd685cbb] ref[ (HEAD, origin/master, origin/HEAD, master)] at [2016/10/21 17:31:31] $"
#define      TANGO_GIT_VERSION "$Id:     TANGO rev[2016-09-27 17:28:03 +0200] head[75531aa][75531aaf9bcda8b27a09b92cf355307847835d6c] ref[ (HEAD, github/master, github/HEAD)] at [2016/10/21 17:31:31] $"
#define       SPEC_GIT_VERSION "$Id:      SPEC rev[2016-10-10 09:40:10 +0200] head[65690d3][65690d3b7d24783256b279542a796c8a8a3f795f] ref[ (HEAD, origin/master, origin/HEAD)] at [2016/10/21 17:31:31] $"


2016/10/21 16:51:02 ==========================================
scp: copied local directory to segfs and /tmp_14_days:
from: [../../install/] and [./bat/]
  to: [blissadm@lid00a:/segfs/bliss/projects/LIMA/build/depot_win/win_vc9/pco/install-2016-10-21_165055]
  to: [/t/rhoms1/install-2016-10-21_165055]
  to: [/t/rhoms1/install-beta]
  
- added new pco edge subtypes
- added CLHS dll
- tmp save

- wid00limande
-- hd failed / new one restored with image (to check if it is corrupted)
-- me5 clhs driver / alert of non signed / accepted / alert of not well installed / not worked
-- complete update of windows 
-- me5 clhs driver / installed ok without warnings - microdiagnostics ok

- testing with id15 / PCO EDGE hs (EDGE_55) (I/F CAMERALINK_HS) (SN 61002688)


2016/10/11 16:11:34 ==========================================
#define        PCO_SDK_VERSION "$Id:    PCOSDK [1.20] $"
#define        PCO_GIT_VERSION "$Id:       PCO rev[2016-10-11 16:08:20 +0200] head[4d7a2fa][4d7a2fa5b4cdad763b07439c91c284029be9cd07] ref[ (HEAD, master)] at [2016/10/11 16:11:33] $"
#define       LIMA_GIT_VERSION "$Id:      LIMA rev[2016-10-11 14:33:32 +0200] head[7c80e4b][7c80e4b1b100095fed7318ad91a0defaf895317f] ref[ (HEAD, pco-1.6.0)] at [2016/10/11 16:11:33] $"
#define    PROCLIB_GIT_VERSION "$Id:   PROCLIB rev[2016-01-15 15:44:08 +0100] head[3a08863][3a0886386e57a24ced072832d321d2dc43449e0b] ref[ (HEAD, origin/master, origin/HEAD, master)] at [2016/10/11 16:11:33] $"
#define  LIBCONFIG_GIT_VERSION "$Id: LIBCONFIG rev[2013-02-07 18:08:29 +0100] head[89c411a][89c411a541d4ab4d66257ccb85749853fd685cbb] ref[ (HEAD, origin/master, origin/HEAD, master)] at [2016/10/11 16:11:33] $"
#define      TANGO_GIT_VERSION "$Id:     TANGO rev[2016-09-27 17:28:03 +0200] head[75531aa][75531aaf9bcda8b27a09b92cf355307847835d6c] ref[ (HEAD, github/master, github/HEAD)] at [2016/10/11 16:11:33] $"
#define       SPEC_GIT_VERSION "$Id:      SPEC rev[2016-10-10 09:40:10 +0200] head[65690d3][65690d3b7d24783256b279542a796c8a8a3f795f] ref[ (HEAD, origin/master, origin/HEAD)] at [2016/10/11 16:11:33] $"



2016/10/11 15:25:20 ==========================================
scp: copied local directory to segfs and /tmp_14_days:
from: [../../install/] and [./bat/]
  to: [blissadm@lid00a:/segfs/bliss/projects/LIMA/build/depot_win/win_vc9/pco/install-2016-10-11_152514]
  to: [/t/rhoms1/install-2016-10-11_152514]- added new pco edge subtypes
    - added CLHS dll
    - tmp save
  to: [/t/rhoms1/install-beta]

- lima 1.60 + skd 1.20 / win64
- minor debug xferImag()
- beta test / wid16napco2

2016/10/10 19:55:05 ==========================================
#define        PCO_SDK_VERSION "$Id:    PCOSDK [1.20] $"
#define        PCO_GIT_VERSION "$Id:       PCO rev[2016-10-10 19:52:16 +0200] head[6456d62][6456d62796f491ce0c11d7a43b5a312be200d92a] ref[ (HEAD, gitrh/master, master)] at [2016/10/10 19:55:05] $"
#define       LIMA_GIT_VERSION "$Id:      LIMA rev[2016-05-19 15:11:55 +0200] head[d0008e7][d0008e7c9e7ff688079bce4ea9ec79531d9b5df2] ref[ (HEAD, origin/core-1.4, core-1.4)] at [2016/10/10 19:55:05] $"
#define    PROCLIB_GIT_VERSION "$Id:   PROCLIB rev[2016-01-15 15:44:08 +0100] head[3a08863][3a0886386e57a24ced072832d321d2dc43449e0b] ref[ (HEAD, origin/master, origin/HEAD, master)] at [2016/10/10 19:55:05] $"
#define  LIBCONFIG_GIT_VERSION "$Id: LIBCONFIG rev[2013-02-07 18:08:29 +0100] head[89c411a][89c411a541d4ab4d66257ccb85749853fd685cbb] ref[ (HEAD, origin/master, origin/HEAD, master)] at [2016/10/10 19:55:05] $"
#define      TANGO_GIT_VERSION "$Id:     TANGO rev[2016-06-02 14:44:15 +0200] head[479c51e][479c51e847021563cdca895d6a213ca98cf43ec4] ref[ (HEAD, github/master, github/HEAD, master)] at [2016/10/10 19:55:05] $"
#define       SPEC_GIT_VERSION "$Id:      SPEC rev[2016-05-19 13:58:33 +0200] head[a5b9be5][a5b9be5efd7916a28cf0ab06fcc6f17e19194605] ref[ (HEAD, origin/master, origin/HEAD, master)] at [2016/10/10 19:55:05] $"



2016/10/07 18:48:58 ==========================================
scp: copied local directory to segfs and /tmp_14_days:
from: [../../install/] and [./bat/]
  to: [blissadm@lid00a:/segfs/bliss/projects/LIMA/build/depot_win/win_vc9/pco/install-2016-10-07_184851]
  to: [/t/rhoms1/install-2016-10-07_184851]
  to: [/t/rhoms1/install-beta]

Camera::_isRunAfterAssign() - check for pco
beta test / wid16napco2
temp save

2016/10/07 16:11:54 ==========================================
scp: copied local directory to segfs and /tmp_14_days:
from: [../../install/] and [./bat/]
  to: [blissadm@lid00a:/segfs/bliss/projects/LIMA/build/depot_win/win_vc9/pco/install-2016-10-07_161148]
  to: [/t/rhoms1/install-2016-10-07_161148]
  to: [/t/rhoms1/install-beta]


    sdk functions
      _pco_SetTimestampMode _pco_GetTimestampMode
      _pco_GetGeneralCapsDESC
      _pco_GetTransferParameter
    minor fixes
    temp save


2016/10/04 12:08:32 ==========================================
scp: copied local directory to segfs and /tmp_14_days:
from: [../../install/] and [./bat/]
  to: [blissadm@lid00a:/segfs/bliss/projects/LIMA/build/depot_win/win_vc9/pco/install-2016-10-04_120826]
  to: [/t/rhoms1/install-2016-10-04_120826]
  to: [/t/rhoms1/install-beta]

upgrade sdk118 to sdk120

2016/10/04 11:23:19 ==========================================
#define        PCO_SDK_VERSION "$Id:    PCOSDK [1.18] $"
#define        PCO_GIT_VERSION "$Id:       PCO rev[2016-06-12 17:12:44 +0200] head[c319ce2][c319ce2584af3d96bb8a144b013309445d2cd462] ref[ (HEAD, gitrh/master, master)] at [2016/10/04 11:23:18] $"
#define       LIMA_GIT_VERSION "$Id:      LIMA rev[2016-05-19 15:11:55 +0200] head[d0008e7][d0008e7c9e7ff688079bce4ea9ec79531d9b5df2] ref[ (HEAD, origin/core-1.4, core-1.4)] at [2016/10/04 11:23:18] $"
#define    PROCLIB_GIT_VERSION "$Id:   PROCLIB rev[2016-01-15 15:44:08 +0100] head[3a08863][3a0886386e57a24ced072832d321d2dc43449e0b] ref[ (HEAD, origin/master, origin/HEAD, master)] at [2016/10/04 11:23:18] $"
#define  LIBCONFIG_GIT_VERSION "$Id: LIBCONFIG rev[2013-02-07 18:08:29 +0100] head[89c411a][89c411a541d4ab4d66257ccb85749853fd685cbb] ref[ (HEAD, origin/master, origin/HEAD, master)] at [2016/10/04 11:23:18] $"
#define      TANGO_GIT_VERSION "$Id:     TANGO rev[2016-06-02 14:44:15 +0200] head[479c51e][479c51e847021563cdca895d6a213ca98cf43ec4] ref[ (HEAD, github/master, github/HEAD, master)] at [2016/10/04 11:23:18] $"
#define       SPEC_GIT_VERSION "$Id:      SPEC rev[2016-05-19 13:58:33 +0200] head[a5b9be5][a5b9be5efd7916a28cf0ab06fcc6f17e19194605] ref[ (HEAD, origin/master, origin/HEAD, master)] at [2016/10/04 11:23:18] $"



2016/06/07 19:17:26 ==========================================
scp: copied local directory to segfs and /tmp_14_days:
from: [../../install/] and [./bat/]
  to: [blissadm@lid00a:/segfs/bliss/projects/LIMA/build/depot_win/win_vc9/pco/install-2016-06-07_191718]
  to: [/t/rhoms1/install-2016-06-07_191718]
  to: [/t/rhoms1/install-beta]

- tmp save
- sip fix getMaxWidthHeight to int
- talk / included getVersion file
- minor / names
- vc project / included sip files

2016/06/07 15:28:06 ==========================================
scp: copied local directory to segfs and /tmp_14_days:
from: [../../install/] and [./bat/]
  to: [blissadm@lid00a:/segfs/bliss/projects/LIMA/build/depot_win/win_vc9/pco/install-2016-06-07_152754]
  to: [/t/rhoms1/install-2016-06-07_152754]
  to: [/t/rhoms1/install-beta]



2016/06/07 15:27:12 ==========================================
#define        PCO_SDK_VERSION "$Id:    PCOSDK [1.18] $"
#define        PCO_GIT_VERSION "$Id:       PCO rev[2016-06-07 15:25:42 +0200] head[c705778][c705778f9bff94c5d366010bdd20777af55a9f74] ref[ (HEAD, master)] at [2016/06/07 15:27:12] $"
#define       LIMA_GIT_VERSION "$Id:      LIMA rev[2016-05-19 15:11:55 +0200] head[d0008e7][d0008e7c9e7ff688079bce4ea9ec79531d9b5df2] ref[ (HEAD, origin/core-1.4, core-1.4)] at [2016/06/07 15:27:12] $"
#define    PROCLIB_GIT_VERSION "$Id:   PROCLIB rev[2016-01-15 15:44:08 +0100] head[3a08863][3a0886386e57a24ced072832d321d2dc43449e0b] ref[ (HEAD, origin/master, origin/HEAD, master)] at [2016/06/07 15:27:12] $"
#define  LIBCONFIG_GIT_VERSION "$Id: LIBCONFIG rev[2013-02-07 18:08:29 +0100] head[89c411a][89c411a541d4ab4d66257ccb85749853fd685cbb] ref[ (HEAD, origin/master, origin/HEAD, master)] at [2016/06/07 15:27:12] $"
#define      TANGO_GIT_VERSION "$Id:     TANGO rev[2016-06-02 14:44:15 +0200] head[479c51e][479c51e847021563cdca895d6a213ca98cf43ec4] ref[ (HEAD, github/master, github/HEAD, master)] at [2016/06/07 15:27:12] $"
#define       SPEC_GIT_VERSION "$Id:      SPEC rev[2016-05-19 13:58:33 +0200] head[a5b9be5][a5b9be5efd7916a28cf0ab06fcc6f17e19194605] ref[ (HEAD, origin/master, origin/HEAD, master)] at [2016/06/07 15:27:12] $"


2016/06/07 15:05:10 ==========================================
scp: copied local directory to segfs and /tmp_14_days:
from: [../../install/] and [./bat/]
  to: [blissadm@lid00a:/segfs/bliss/projects/LIMA/build/depot_win/win_vc9/pco/install-2016-06-07_150503]
  to: [/t/rhoms1/install-2016-06-07_150503]
  to: [/t/rhoms1/install-beta]

- temp save
- added function _isRunAfterAssign() in order to manage the start record for all types
- minor - moved basic pco sdk fuctions to PcoCameraSdk.cpp (partial)  
-- long tests done with edge/usb3 OK

2016/06/06 17:29:24 ==========================================
scp: copied local directory to segfs and /tmp_14_days:
from: [../../install/] and [./bat/]
  to: [blissadm@lid00a:/segfs/bliss/projects/LIMA/build/depot_win/win_vc9/pco/install-2016-06-06_172917]
  to: [/t/rhoms1/install-2016-06-06_172917]
  to: [/t/rhoms1/install-beta]

- temp save
- fixed the procedure for pco edge usb / different from pco edge cameralink
-- start record before assign buffer
-- force cancel images always before record off / to avoid go to unknow state of the cam
-- long tests done with edge/cameralink OK


2016/06/03 18:50:43 ==========================================
#define        PCO_SDK_VERSION "$Id:    PCOSDK [1.18] $"
#define        PCO_GIT_VERSION "$Id:       PCO rev[2016-06-03 18:49:38 +0200] head[675a78b][675a78bace6241a0164190d26c3c0da2886ecaa1] ref[ (HEAD, gitlab/master, master)] at [2016/06/03 18:50:43] $"
#define       LIMA_GIT_VERSION "$Id:      LIMA rev[2016-05-19 15:11:55 +0200] head[d0008e7][d0008e7c9e7ff688079bce4ea9ec79531d9b5df2] ref[ (HEAD, origin/core-1.4, core-1.4)] at [2016/06/03 18:50:43] $"
#define    PROCLIB_GIT_VERSION "$Id:   PROCLIB rev[2016-01-15 15:44:08 +0100] head[3a08863][3a0886386e57a24ced072832d321d2dc43449e0b] ref[ (HEAD, origin/master, origin/HEAD, master)] at [2016/06/03 18:50:43] $"
#define  LIBCONFIG_GIT_VERSION "$Id: LIBCONFIG rev[2013-02-07 18:08:29 +0100] head[89c411a][89c411a541d4ab4d66257ccb85749853fd685cbb] ref[ (HEAD, origin/master, origin/HEAD, master)] at [2016/06/03 18:50:43] $"
#define      TANGO_GIT_VERSION "$Id:     TANGO rev[2016-06-02 14:44:15 +0200] head[479c51e][479c51e847021563cdca895d6a213ca98cf43ec4] ref[ (HEAD, github/master, github/HEAD, master)] at [2016/06/03 18:50:43] $"
#define       SPEC_GIT_VERSION "$Id:      SPEC rev[2016-05-19 13:58:33 +0200] head[a5b9be5][a5b9be5efd7916a28cf0ab06fcc6f17e19194605] ref[ (HEAD, origin/master, origin/HEAD, master)] at [2016/06/03 18:50:43] $"

2016/06/03 17:48:13 ==========================================
scp: copied local directory to segfs and /tmp_14_days:
from: [../../install/] and [./bat/]
  to: [blissadm@lid00a:/segfs/bliss/projects/LIMA/build/depot_win/win_vc9/pco/install-2016-06-03_174800]
  to: [/t/rhoms1/install-2016-06-03_174800]
  to: [/t/rhoms1/install-beta]

- temp save
- extraction of the imgNr and date/time from the timestamp of the image
- fix division by 0 when camera subType is not defined 
- included checkImgNr in _xferImag_getImage_edge and _xferImag
- minor / format / trace

2016/06/02 15:55:50 ==========================================
scp: copied local directory to segfs and /tmp_14_days:
from: [../../install/] and [./bat/]
  to: [blissadm@lid00a:/segfs/bliss/projects/LIMA/build/depot_win/win_vc9/pco/install-2016-06-02_155543]
  to: [/t/rhoms1/install-2016-06-02_155543]
  to: [/t/rhoms1/install-beta]

- minor / temp save

2016/06/02 12:07:02 ==========================================
scp: copied local directory to segfs and /tmp_14_days:
from: [../../install/]
  to: [blissadm@lid00a:/segfs/bliss/projects/LIMA/build/depot_win/win_vc9/pco/install-2016-06-02_120655]
  to: [/t/rhoms1/install-2016-06-02_120655]
  to: [/t/rhoms1/install-beta]

- _xferImag_getImage_edge() / TESTCMDMODE_EDGE_XFER (0x2) test mode without events for edge gold usb
- logsbackup.bat, logsoff.bat, logson.bat (manage PCO log files)
- minor debug / trace / ...

2016/05/24 12:57:49 ==========================================
scp: copied local directory to segfs and /tmp_14_days:
from: [../../install/]
  to: [blissadm@lid00a:/segfs/bliss/projects/LIMA/build/depot_win/win_vc9/pco/install-2016-05-24_125743]
  to: [/t/rhoms1/install-2016-05-24_125743]
  to: [/t/rhoms1/install-beta]

---> pco-win64-1.407_install-2016-05-24_125743

2016/05/24 12:55:59 ==========================================
#define        PCO_SDK_VERSION "$Id:    PCOSDK [1.18] $"
#define        PCO_GIT_VERSION "$Id:       PCO rev[2016-05-24 12:47:57 +0200] head[c47cc53][c47cc53af7e62ff8285bf7699a3bb62c5c24ec13] ref[ (HEAD, gitlab/master, master)] at [2016/05/24 12:55:58] $"
#define       LIMA_GIT_VERSION "$Id:      LIMA rev[2016-05-19 15:11:55 +0200] head[d0008e7][d0008e7c9e7ff688079bce4ea9ec79531d9b5df2] ref[ (HEAD, origin/core-1.4, core-1.4)] at [2016/05/24 12:55:58] $"
#define    PROCLIB_GIT_VERSION "$Id:   PROCLIB rev[2016-01-15 15:44:08 +0100] head[3a08863][3a0886386e57a24ced072832d321d2dc43449e0b] ref[ (HEAD, origin/master, origin/HEAD, master)] at [2016/05/24 12:55:58] $"
#define  LIBCONFIG_GIT_VERSION "$Id: LIBCONFIG rev[2013-02-07 18:08:29 +0100] head[89c411a][89c411a541d4ab4d66257ccb85749853fd685cbb] ref[ (HEAD, origin/master, origin/HEAD, master)] at [2016/05/24 12:55:58] $"
#define      TANGO_GIT_VERSION "$Id:     TANGO rev[2016-05-24 12:54:20 +0200] head[e26b1cd][e26b1cd59239701d195f5a9b980097f3362e6b04] ref[ (HEAD, github/master, github/HEAD, master)] at [2016/05/24 12:55:58] $"
#define       SPEC_GIT_VERSION "$Id:      SPEC rev[2016-05-19 13:58:33 +0200] head[a5b9be5][a5b9be5efd7916a28cf0ab06fcc6f17e19194605] ref[ (HEAD, origin/master, origin/HEAD, master)] at [2016/05/24 12:55:58] $"

2016/05/23 17:57:03 ==========================================
scp: copied local directory to segfs and /tmp_14_days:
from: [../../install/]
  to: [blissadm@lid00a:/segfs/bliss/projects/LIMA/build/depot_win/win_vc9/pco/install-2016-05-23_175657]
  to: [/t/rhoms1/install-2016-05-23_175657]
  to: [/t/rhoms1/install-beta]

- included camera subtype
- improve traceAcq
- test with pco gold 4.2m usb

 bench limatake .0001 1000

* ... xferTimeTot[24.698 s] xferSpeed[323.913 MB/s][40.4891 fps]
Execution time:      33.67 sec. ->     1000/33.67 = 29.7 fps <--- saving in D

* ... xferTimeTot[24.676 s] xferSpeed[324.202 MB/s][40.5252 fps]
Execution time:      28.15 sec.   -> 1000/28.14 =   35.5366  <--- no saving

===
249.RHPCO> limaget edgegold traceAcq
 - traceAcq = 
* fnId[_pco_acq_thread_edge] nrEvents[4]
* ... fnIdXfer[lima::Pco::BufferCtrlObj::_xferImag]
* msExposure[0.1] msDelay[0]
* ... msLimaExposure[0.1] Pco exposure[100000] base[0]
* ... msLimaDelay[0] Pco delay[0] base[0]
* pcoBin horz[0] vert[0]
* limaRoi xy0[0,0] xy1[2047,2047] size[2048,2048]
* ... pcoRoi x[1,2048] y[1,2048]
* ... imgSize[8388608 B] totSize[8388608000 B][8000 MB]
* nrImgRequested[1000] nrImgAcquired[1000]
* ... nrImgRequested0[0] nrImgRecorded[0] maxImgCount[0]
* limaTriggerMode[IntTrig]
* ... pcoTriggerMode[auto] [0]
* ... pcoAcqMode[acqEnbl_Ignored] [0]
* msStartAcqStart[1615]  msStartAcqEnd[1703]
* ... usTicks[8][0.716] (ms)   (PCO_GetRecordingState execTime)
* ... usTicks[9][53.583] (ms)   (PCO_SetRecordingState execTime)
* ... usTicks[10][0.003] (ms)   (PCO_CancelImages execTime)
* msImgCoc[24.6] fps[40.6] msTout[0] msTotal[0]
* ... msRecordLoop[0] msRecord[0] endRecord[]
* ... msXfer[24676] endXfer[2016/05/24 11:49:53]
* ... xferTimeTot[24.676 s] xferSpeed[324.202 MB/s][40.5252 fps]

247.RHPCO> bench limatake .0001 1000 <--- no saving
Execution time:      28.15 sec.   -> 1000/28.14 = 35.5366

===
243.RHPCO> limaget edgegold traceAcq                                                                                                               - traceAcq = 
* fnId[_pco_acq_thread_edge] nrEvents[4]
* ... fnIdXfer[lima::Pco::BufferCtrlObj::_xferImag]
* msExposure[0.1] msDelay[0]
* ... msLimaExposure[0.1] Pco exposure[100000] base[0]
* ... msLimaDelay[0] Pco delay[0] base[0]
* pcoBin horz[0] vert[0]
* limaRoi xy0[0,0] xy1[2047,2047] size[2048,2048]
* ... pcoRoi x[1,2048] y[1,2048]
* ... imgSize[8388608 B] totSize[8388608000 B][8000 MB]
* nrImgRequested[1000] nrImgAcquired[1000]
* ... nrImgRequested0[0] nrImgRecorded[0] maxImgCount[0]
* limaTriggerMode[IntTrig]
* ... pcoTriggerMode[auto] [0]
* ... pcoAcqMode[acqEnbl_Ignored] [0]
* msStartAcqStart[1559]  msStartAcqEnd[1644]
* ... usTicks[8][0.742] (ms)   (PCO_GetRecordingState execTime)
* ... usTicks[9][53.287] (ms)   (PCO_SetRecordingState execTime)
* ... usTicks[10][0.002] (ms)   (PCO_CancelImages execTime)
* msImgCoc[24.6] fps[40.6] msTout[0] msTotal[0]
* ... msRecordLoop[0] msRecord[0] endRecord[]
* ... msXfer[24698] endXfer[2016/05/24 11:47:17]
* ... xferTimeTot[24.698 s] xferSpeed[323.913 MB/s][40.4891 fps]

244.RHPCO> bench limatake .0001 1000
LIMA[edgegold] > Saving in D:/test/img_12929.edf [AUTO_FRAME-EDF]
Execution time:      33.67 sec. -> 1000/33.67 = 29.7
===

2016/05/20 19:04:02 ==========================================
#define        PCO_SDK_VERSION "$Id:    PCOSDK [1.18] $"
#define        PCO_GIT_VERSION "$Id:       PCO rev[2016-05-20 18:59:30 +0200] head[9b0489e][9b0489e38aad39e3e9f018e90b0a767cc1487523] ref[ (HEAD, gitlab/master, master)] at [2016/05/20 19:04:02] $"
#define       LIMA_GIT_VERSION "$Id:      LIMA rev[2016-05-19 15:11:55 +0200] head[d0008e7][d0008e7c9e7ff688079bce4ea9ec79531d9b5df2] ref[ (HEAD, origin/core-1.4, core-1.4)] at [2016/05/20 19:04:02] $"
#define    PROCLIB_GIT_VERSION "$Id:   PROCLIB rev[2016-01-15 15:44:08 +0100] head[3a08863][3a0886386e57a24ced072832d321d2dc43449e0b] ref[ (HEAD, origin/master, origin/HEAD, master)] at [2016/05/20 19:04:02] $"
#define  LIBCONFIG_GIT_VERSION "$Id: LIBCONFIG rev[2013-02-07 18:08:29 +0100] head[89c411a][89c411a541d4ab4d66257ccb85749853fd685cbb] ref[ (HEAD, origin/master, origin/HEAD, master)] at [2016/05/20 19:04:02] $"
#define      TANGO_GIT_VERSION "$Id:     TANGO rev[2016-05-19 15:39:42 +0200] head[6028c8b][6028c8b626280ee8d6841b3362536e4cee7246b7] ref[ (HEAD, github/master, github/HEAD, master)] at [2016/05/20 19:04:02] $"
#define       SPEC_GIT_VERSION "$Id:      SPEC rev[2016-05-19 13:58:33 +0200] head[a5b9be5][a5b9be5efd7916a28cf0ab06fcc6f17e19194605] ref[ (HEAD, origin/master, origin/HEAD, master)] at [2016/05/20 19:04:02] $"


2016/05/20 15:56:54 ==========================================
scp: copied local directory to segfs and /tmp_14_days:
from: [../../install/]
  to: [blissadm@lid00a:/segfs/bliss/projects/LIMA/build/depot_win/win_vc9/pco/install-2016-05-20_155648]
  to: [/t/rhoms1/install-2016-05-20_155648]
  to: [/t/rhoms1/install-beta]


#===================================================
# update to master the working test version with usb3 / pco edge gold

- test running version 
   comp[2015/12/11 13:17:57] file[2015/12/11 13:16:45] [..\..\..\..\src\PcoCamera.cpp]
   install-2015-12-11_131825

   Branches: develop_02, remotes/github/develop_02
   d2f1fe0cd12ab1c3433d6960bd73c7e1078865e7
   2015-12-11 14:26:34


2016/05/19 16:22:25 ==========================================
scp: copied local directory to segfs and /tmp_14_days:
from: [../../install/]
  to: [blissadm@lid00a:/segfs/bliss/projects/LIMA/build/depot_win/win_vc9/pco/install-2016-05-19_162219]
  to: [/t/rhoms1/install-2016-05-19_162219]
  to: [/t/rhoms1/install-beta]



2016/05/19 15:58:06 ==========================================
#define        PCO_SDK_VERSION "$Id:    PCOSDK [1.18] $"
#define        PCO_GIT_VERSION "$Id:       PCO rev[2016-04-21 14:23:19 +0200] head[a782449][a782449dcd24a849c8e6d3a6db80b4b3df8dc4f8] ref[ (HEAD, tag: pco-win64-1.406, gitlab/master, github/master, github/HEAD, master)] at [2016/05/19 15:58:06] $"
#define       LIMA_GIT_VERSION "$Id:      LIMA rev[2016-05-19 15:11:55 +0200] head[d0008e7][d0008e7c9e7ff688079bce4ea9ec79531d9b5df2] ref[ (HEAD, origin/core-1.4, core-1.4)] at [2016/05/19 15:58:06] $"
#define    PROCLIB_GIT_VERSION "$Id:   PROCLIB rev[2016-01-15 15:44:08 +0100] head[3a08863][3a0886386e57a24ced072832d321d2dc43449e0b] ref[ (HEAD, origin/master, origin/HEAD, master)] at [2016/05/19 15:58:06] $"
#define  LIBCONFIG_GIT_VERSION "$Id: LIBCONFIG rev[2013-02-07 18:08:29 +0100] head[89c411a][89c411a541d4ab4d66257ccb85749853fd685cbb] ref[ (HEAD, origin/master, origin/HEAD, master)] at [2016/05/19 15:58:06] $"
#define      TANGO_GIT_VERSION "$Id:     TANGO rev[2016-05-19 15:39:42 +0200] head[6028c8b][6028c8b626280ee8d6841b3362536e4cee7246b7] ref[ (HEAD, github/master, github/HEAD, master)] at [2016/05/19 15:58:06] $"
#define       SPEC_GIT_VERSION "$Id:      SPEC rev[2016-05-19 13:58:33 +0200] head[a5b9be5][a5b9be5efd7916a28cf0ab06fcc6f17e19194605] ref[ (HEAD, origin/master, origin/HEAD, master)] at [2016/05/19 15:58:06] $"

- used for pco-win64-1.406

2016/05/19 14:23:26 ==========================================
scp: copied local directory to segfs and /tmp_14_days:
from: [../../install/]
  to: [blissadm@lid00a:/segfs/bliss/projects/LIMA/build/depot_win/win_vc9/pco/install-2016-05-19_142320]
  to: [/t/rhoms1/install-2016-05-19_142320]
  to: [/t/rhoms1/install-beta]

- prepare blissinstaller pco-win64-1.406

2016/05/19 14:21:19 ==========================================
#define        PCO_SDK_VERSION "$Id:    PCOSDK [1.18] $"
#define        PCO_GIT_VERSION "$Id:       PCO rev[2016-05-18 18:08:39 +0200] head[b90ec80][b90ec8031a6e5ee2e8ac23e573dd1e8a187ab955] ref[ (HEAD, gitlab/master, master)] at [2016/05/19 14:21:19] $"
#define       LIMA_GIT_VERSION "$Id:      LIMA rev[2016-01-26 13:27:46 +0100] head[668dfdb][668dfdb24c15bb21b94091a3d68e8bc3d6035a6b] ref[ (HEAD, origin/core-1.4, core-1.4)] at [2016/05/19 14:21:19] $"
#define    PROCLIB_GIT_VERSION "$Id:   PROCLIB rev[2016-01-15 15:44:08 +0100] head[3a08863][3a0886386e57a24ced072832d321d2dc43449e0b] ref[ (HEAD, origin/master, origin/HEAD, master)] at [2016/05/19 14:21:19] $"
#define  LIBCONFIG_GIT_VERSION "$Id: LIBCONFIG rev[2013-02-07 18:08:29 +0100] head[89c411a][89c411a541d4ab4d66257ccb85749853fd685cbb] ref[ (HEAD, origin/master, origin/HEAD, master)] at [2016/05/19 14:21:19] $"
#define      TANGO_GIT_VERSION "$Id:     TANGO rev[2016-01-26 13:27:46 +0100] head[668dfdb][668dfdb24c15bb21b94091a3d68e8bc3d6035a6b] ref[ (HEAD, origin/core-1.4, core-1.4)] at [2016/05/19 14:21:19] $"
#define       SPEC_GIT_VERSION "$Id:      SPEC rev[2016-05-19 13:58:33 +0200] head[a5b9be5][a5b9be5efd7916a28cf0ab06fcc6f17e19194605] ref[ (HEAD, origin/master, origin/HEAD, master)] at [2016/05/19 14:21:19] $"




2016/05/18 18:03:06 ==========================================
#define        PCO_SDK_VERSION "$Id:    PCOSDK [1.18] $"
#define        PCO_GIT_VERSION "$Id:       PCO rev[2016-04-25 20:48:24 +0200] head[bbe482f][bbe482f8b64d53c791724c24da773f6fba53fe8e] ref[ (HEAD, gitlab/master, master)] at [2016/05/18 18:03:05] $"
#define       LIMA_GIT_VERSION "$Id:      LIMA rev[2015-10-21 14:34:29 +0200] head[7ca4c77][7ca4c778889cdd1450529ba7e3a6c71eda20c72a] ref[ (HEAD, core-1.4)] at [2016/05/18 18:03:05] $"
#define    PROCLIB_GIT_VERSION "$Id:   PROCLIB rev[2015-06-09 14:50:05 +0200] head[7d49ed4][7d49ed48b9fe864251f4e6a9477699011297e39f] ref[ (HEAD, master)] at [2016/05/18 18:03:05] $"
#define  LIBCONFIG_GIT_VERSION "$Id: LIBCONFIG rev[2013-02-07 18:08:29 +0100] head[89c411a][89c411a541d4ab4d66257ccb85749853fd685cbb] ref[ (HEAD, origin/master, origin/HEAD, master)] at [2016/05/18 18:03:05] $"
#define      TANGO_GIT_VERSION "$Id:     TANGO rev[2015-10-21 14:34:29 +0200] head[7ca4c77][7ca4c778889cdd1450529ba7e3a6c71eda20c72a] ref[ (HEAD, core-1.4)] at [2016/05/18 18:03:05] $"
#define       SPEC_GIT_VERSION "$Id:      SPEC rev[2016-05-18 17:53:53 +0200] head[5b119dc][5b119dc910943b0475aae8c174c79418080425f5] ref[ (HEAD, origin/master, origin/HEAD, master)] at [2016/05/18 18:03:05] $"

- added some attr in spec
- tested with pco 4000 / usb2 



2016/04/25 18:52:34 ==========================================

- included PCO sdk version directly from sc2_cam.dll



2016/04/21 14:25:23 ==========================================
#define        PCO_SDK_VERSION "$Id:    PCOSDK [1.18] $"
#define        PCO_GIT_VERSION "$Id:       PCO rev[2016-04-21 14:23:19 +0200] head[eba4f3f][eba4f3fe9d32e3f3d726b7612e1b8c3d06382113] ref[ (HEAD, master)] at [2016/04/21 14:25:22] $"
#define       LIMA_GIT_VERSION "$Id:      LIMA rev[2015-10-21 14:34:29 +0200] head[7ca4c77][7ca4c778889cdd1450529ba7e3a6c71eda20c72a] ref[ (HEAD, core-1.4)] at [2016/04/21 14:25:22] $"
#define    PROCLIB_GIT_VERSION "$Id:   PROCLIB rev[2015-06-09 14:50:05 +0200] head[7d49ed4][7d49ed48b9fe864251f4e6a9477699011297e39f] ref[ (HEAD, master)] at [2016/04/21 14:25:22] $"
#define  LIBCONFIG_GIT_VERSION "$Id: LIBCONFIG rev[2013-02-07 18:08:29 +0100] head[89c411a][89c411a541d4ab4d66257ccb85749853fd685cbb] ref[ (HEAD, origin/master, origin/HEAD, master)] at [2016/04/21 14:25:22] $"
#define      TANGO_GIT_VERSION "$Id:     TANGO rev[2015-10-21 14:34:29 +0200] head[7ca4c77][7ca4c778889cdd1450529ba7e3a6c71eda20c72a] ref[ (HEAD, core-1.4)] at [2016/04/21 14:25:22] $"
#define       SPEC_GIT_VERSION "$Id:      SPEC rev[2015-09-25 11:55:20 +0200] head[519ea7a][519ea7a708695550499930fbc4fa53a1b93d493c] ref[ (HEAD, master)] at [2016/04/21 14:25:22] $"

- included PCO sdk version 
- setId, useSdk116, useSdk118
- test with sdk118

2016/04/21 10:18:18 ==========================================
- working x64 , tests with 2k, prepare for next package

scp: copied local directory to segfs and /tmp_14_days:
from: [../../install/]
  to: [blissadm@lid00a:/segfs/bliss/projects/LIMA/build/depot_win/win_vc9/pco/install-2016-04-21_101812]
  to: [/t/rhoms1/install-2016-04-21_101812]
  to: [/t/rhoms1/install-beta]

2016/04/21 10:15:49 ==========================================
#define        PCO_GIT_VERSION "$Id:       PCO rev[2016-04-15 12:28:04 +0200] head[eab2d68][eab2d68cb5f560de941afde9d6f71e23c827055b] ref[ (HEAD, gitlab/master, master)] at [2016/04/21 10:15:48] $"
#define       LIMA_GIT_VERSION "$Id:      LIMA rev[2015-10-21 14:34:29 +0200] head[7ca4c77][7ca4c778889cdd1450529ba7e3a6c71eda20c72a] ref[ (HEAD, core-1.4)] at [2016/04/21 10:15:48] $"
#define    PROCLIB_GIT_VERSION "$Id:   PROCLIB rev[2015-06-09 14:50:05 +0200] head[7d49ed4][7d49ed48b9fe864251f4e6a9477699011297e39f] ref[ (HEAD, master)] at [2016/04/21 10:15:48] $"
#define  LIBCONFIG_GIT_VERSION "$Id: LIBCONFIG rev[2013-02-07 18:08:29 +0100] head[89c411a][89c411a541d4ab4d66257ccb85749853fd685cbb] ref[ (HEAD, origin/master, origin/HEAD, master)] at [2016/04/21 10:15:48] $"
#define      TANGO_GIT_VERSION "$Id:     TANGO rev[2015-10-21 14:34:29 +0200] head[7ca4c77][7ca4c778889cdd1450529ba7e3a6c71eda20c72a] ref[ (HEAD, core-1.4)] at [2016/04/21 10:15:48] $"
#define       SPEC_GIT_VERSION "$Id:      SPEC rev[2015-09-25 11:55:20 +0200] head[519ea7a][519ea7a708695550499930fbc4fa53a1b93d493c] ref[ (HEAD, master)] at [2016/04/21 10:15:48] $"

2016/04/20 20:53:17 ==========================================
- camInfo - fix buff size, and sprintf
  _nr = _snprintf_s(ptr, ptrMax - ptr, _TRUNCATE, "%s\n", m_log.c_str());

2016/04/20 18:52:26 ==========================================
scp: copied local directory to segfs and /tmp_14_days:
from: [../../install/]
  to: [blissadm@lid00a:/segfs/bliss/projects/LIMA/build/depot_win/win_vc9/pco/install-2016-04-20_185219]
  to: [/t/rhoms1/install-2016-04-20_185219]
  to: [/t/rhoms1/install-beta]

#define        PCO_GIT_VERSION "$Id:       PCO rev[2016-04-20 17:15:29 +0200] head[ead80e1][ead80e18b0bc63257c96430ca7ec18544edc6294] ref[ (HEAD, gitlab/master, master)] at [2016/04/20 18:49:40] $"
#define       LIMA_GIT_VERSION "$Id:      LIMA rev[2015-10-21 14:34:29 +0200] head[7ca4c77][7ca4c778889cdd1450529ba7e3a6c71eda20c72a] ref[ (HEAD, core-1.4)] at [2016/04/20 18:49:40] $"
#define    PROCLIB_GIT_VERSION "$Id:   PROCLIB rev[2015-06-09 14:50:05 +0200] head[7d49ed4][7d49ed48b9fe864251f4e6a9477699011297e39f] ref[ (HEAD, master)] at [2016/04/20 18:49:40] $"
#define  LIBCONFIG_GIT_VERSION "$Id: LIBCONFIG rev[2013-02-07 18:08:29 +0100] head[89c411a][89c411a541d4ab4d66257ccb85749853fd685cbb] ref[ (HEAD, origin/master, origin/HEAD, master)] at [2016/04/20 18:49:40] $"
#define      TANGO_GIT_VERSION "$Id:     TANGO rev[2015-10-21 14:34:29 +0200] head[7ca4c77][7ca4c778889cdd1450529ba7e3a6c71eda20c72a] ref[ (HEAD, core-1.4)] at [2016/04/20 18:49:40] $"
#define       SPEC_GIT_VERSION "$Id:      SPEC rev[2015-09-25 11:55:20 +0200] head[519ea7a][519ea7a708695550499930fbc4fa53a1b93d493c] ref[ (HEAD, master)] at [2016/04/20 18:49:40] $"

- PcoCameraUtils -> minor in camInfo


2016/04/14 20:55:16 ==========================================

- PcoCameraUtils -> added / modified some talk cmds
  Pco.py -> new attributes / cosmetics / change pixelRate
  limapco.mac -> fixed new attributes and config menu


2016/04/13  ==========================================
- merge develop_02_single to master -> dev_tsingle
    git diff  106c5bad8db -- src/PcoCamera.cpp
    2016/01/26 develop_02_single - 106c5bad8db
      pco - dimax
      to be define a new trig mode (ExtTrigDemand ?) for this implementation (ExtTrigSingle doesn't corresponds)
      tmp save / compile / commit


2016/04/13 19:02:49 ==========================================
#define        PCO_GIT_VERSION "$Id:       PCO rev[2016-04-13 19:00:44 +0200] head[dbca15b][dbca15b03449968504f3e8480ff3697722d9062c] ref[ (HEAD, gitlab/master-01, master-01)] at [2016/04/13 19:02:49] $"
#define       LIMA_GIT_VERSION "$Id:      LIMA rev[2015-10-21 14:34:29 +0200] head[7ca4c77][7ca4c778889cdd1450529ba7e3a6c71eda20c72a] ref[ (HEAD, core-1.4)] at [2016/04/13 19:02:49] $"
#define    PROCLIB_GIT_VERSION "$Id:   PROCLIB rev[2015-06-09 14:50:05 +0200] head[7d49ed4][7d49ed48b9fe864251f4e6a9477699011297e39f] ref[ (HEAD, master)] at [2016/04/13 19:02:49] $"
#define  LIBCONFIG_GIT_VERSION "$Id: LIBCONFIG rev[2013-02-07 18:08:29 +0100] head[89c411a][89c411a541d4ab4d66257ccb85749853fd685cbb] ref[ (HEAD, origin/master, origin/HEAD, master)] at [2016/04/13 19:02:49] $"
#define      TANGO_GIT_VERSION "$Id:     TANGO rev[2015-10-21 14:34:29 +0200] head[7ca4c77][7ca4c778889cdd1450529ba7e3a6c71eda20c72a] ref[ (HEAD, core-1.4)] at [2016/04/13 19:02:49] $"
#define       SPEC_GIT_VERSION "$Id:      SPEC rev[2015-09-25 11:55:20 +0200] head[519ea7a][519ea7a708695550499930fbc4fa53a1b93d493c] ref[ (HEAD, master)] at [2016/04/13 19:02:49] $"


- minor changes
  use the dimax proc for Pco2k and Pco4k (was in ringBuff - to check)
  improve traceAcq in _xferImagMult
  
2016/04/13 14:43:35 ==========================================
#define        PCO_GIT_VERSION "$Id:       PCO rev[2016-04-13 14:42:47 +0200] head[2c92f54][2c92f5481a27f5d9817fb227acfe1b7d3e386e8a] ref[ (HEAD, master-01)] at [2016/04/13 14:43:35] $"
#define       LIMA_GIT_VERSION "$Id:      LIMA rev[2015-10-21 14:34:29 +0200] head[7ca4c77][7ca4c778889cdd1450529ba7e3a6c71eda20c72a] ref[ (HEAD, core-1.4)] at [2016/04/13 14:43:35] $"
#define    PROCLIB_GIT_VERSION "$Id:   PROCLIB rev[2015-06-09 14:50:05 +0200] head[7d49ed4][7d49ed48b9fe864251f4e6a9477699011297e39f] ref[ (HEAD, master)] at [2016/04/13 14:43:35] $"
#define  LIBCONFIG_GIT_VERSION "$Id: LIBCONFIG rev[2013-02-07 18:08:29 +0100] head[89c411a][89c411a541d4ab4d66257ccb85749853fd685cbb] ref[ (HEAD, origin/master, origin/HEAD, master)] at [2016/04/13 14:43:35] $"
#define      TANGO_GIT_VERSION "$Id:     TANGO rev[2015-10-21 14:34:29 +0200] head[7ca4c77][7ca4c778889cdd1450529ba7e3a6c71eda20c72a] ref[ (HEAD, core-1.4)] at [2016/04/13 14:43:35] $"
#define       SPEC_GIT_VERSION "$Id:      SPEC rev[2015-09-25 11:55:20 +0200] head[519ea7a][519ea7a708695550499930fbc4fa53a1b93d493c] ref[ (HEAD, master)] at [2016/04/13 14:43:35] $"

- problem with the accumulation mode memory crash (id17)
  patch made in core:
  
control/src/CtAccumulation.cpp:532:

void CtAccumulation::prepare()

  CtBuffer *buffer = m_ct.buffer();
  buffer->getNumber(m_buffers_size);

  //----- patch for acc mode 32 bit - 16
  if(m_buffers_size > 10) m_buffers_size /= 2;

2016/04/13 13:53:48 ==========================================
#define        PCO_GIT_VERSION "$Id:       PCO rev[2016-04-12 22:33:31 +0200] head[88f05c1][88f05c1a29ec9766e84666f71b82ae062faae238] ref[ (HEAD, gitlab/master-01, master-01)] at [2016/04/13 13:53:48] $"
#define       LIMA_GIT_VERSION "$Id:      LIMA rev[2015-10-21 14:34:29 +0200] head[7ca4c77][7ca4c778889cdd1450529ba7e3a6c71eda20c72a] ref[ (HEAD, core-1.4)] at [2016/04/13 13:53:48] $"
#define    PROCLIB_GIT_VERSION "$Id:   PROCLIB rev[2015-06-09 14:50:05 +0200] head[7d49ed4][7d49ed48b9fe864251f4e6a9477699011297e39f] ref[ (HEAD, master)] at [2016/04/13 13:53:48] $"
#define  LIBCONFIG_GIT_VERSION "$Id: LIBCONFIG rev[2013-02-07 18:08:29 +0100] head[89c411a][89c411a541d4ab4d66257ccb85749853fd685cbb] ref[ (HEAD, origin/master, origin/HEAD, master)] at [2016/04/13 13:53:48] $"
#define      TANGO_GIT_VERSION "$Id:     TANGO rev[2015-10-21 14:34:29 +0200] head[7ca4c77][7ca4c778889cdd1450529ba7e3a6c71eda20c72a] ref[ (HEAD, core-1.4)] at [2016/04/13 13:53:48] $"
#define       SPEC_GIT_VERSION "$Id:      SPEC rev[2015-09-25 11:55:20 +0200] head[519ea7a][519ea7a708695550499930fbc4fa53a1b93d493c] ref[ (HEAD, master)] at [2016/04/13 13:53:48] $"


2016/04/12 20:09:20 ==========================================
#define        PCO_GIT_VERSION "$Id:       PCO rev[2016-04-12 16:50:19 +0200] head[b2e7664][b2e76642cbb1a02345743191c514c2d9b0093536] ref[ (HEAD, gitlab/master-01, master-01)] at [2016/04/12 20:09:20] $"
#define       LIMA_GIT_VERSION "$Id:      LIMA rev[2015-10-21 14:34:29 +0200] head[7ca4c77][7ca4c778889cdd1450529ba7e3a6c71eda20c72a] ref[ (HEAD, core-1.4)] at [2016/04/12 20:09:20] $"
#define    PROCLIB_GIT_VERSION "$Id:   PROCLIB rev[2015-06-09 14:50:05 +0200] head[7d49ed4][7d49ed48b9fe864251f4e6a9477699011297e39f] ref[ (HEAD, master)] at [2016/04/12 20:09:20] $"
#define  LIBCONFIG_GIT_VERSION "$Id: LIBCONFIG rev[2013-02-07 18:08:29 +0100] head[89c411a][89c411a541d4ab4d66257ccb85749853fd685cbb] ref[ (HEAD, origin/master, origin/HEAD, master)] at [2016/04/12 20:09:20] $"
#define      TANGO_GIT_VERSION "$Id:     TANGO rev[2015-10-21 14:34:29 +0200] head[7ca4c77][7ca4c778889cdd1450529ba7e3a6c71eda20c72a] ref[ (HEAD, core-1.4)] at [2016/04/12 20:09:20] $"
#define       SPEC_GIT_VERSION "$Id:      SPEC rev[2015-09-25 11:55:20 +0200] head[519ea7a][519ea7a708695550499930fbc4fa53a1b93d493c] ref[ (HEAD, master)] at [2016/04/12 20:09:20] $"


2016/04/12 16:52:00 ==========================================
#define        PCO_GIT_VERSION "$Id:       PCO rev[2016-04-12 16:50:19 +0200] head[b2e7664][b2e76642cbb1a02345743191c514c2d9b0093536] ref[ (HEAD, gitlab/master-01, master-01)] at [2016/04/12 16:52:00] $"
#define       LIMA_GIT_VERSION "$Id:      LIMA rev[2015-10-21 14:34:29 +0200] head[7ca4c77][7ca4c778889cdd1450529ba7e3a6c71eda20c72a] ref[ (HEAD, core-1.4)] at [2016/04/12 16:52:00] $"
#define    PROCLIB_GIT_VERSION "$Id:   PROCLIB rev[2015-06-09 14:50:05 +0200] head[7d49ed4][7d49ed48b9fe864251f4e6a9477699011297e39f] ref[ (HEAD, master)] at [2016/04/12 16:52:00] $"
#define  LIBCONFIG_GIT_VERSION "$Id: LIBCONFIG rev[2013-02-07 18:08:29 +0100] head[89c411a][89c411a541d4ab4d66257ccb85749853fd685cbb] ref[ (HEAD, origin/master, origin/HEAD, master)] at [2016/04/12 16:52:00] $"
#define      TANGO_GIT_VERSION "$Id:     TANGO rev[2015-10-21 14:34:29 +0200] head[7ca4c77][7ca4c778889cdd1450529ba7e3a6c71eda20c72a] ref[ (HEAD, core-1.4)] at [2016/04/12 16:52:00] $"
#define       SPEC_GIT_VERSION "$Id:      SPEC rev[2015-09-25 11:55:20 +0200] head[519ea7a][519ea7a708695550499930fbc4fa53a1b93d493c] ref[ (HEAD, master)] at [2016/04/12 16:52:00] $"


2016/04/12 16:20:32 ==========================================
scp: copied local directory to segfs and /tmp_14_days:
from: [../../install/]
  to: [blissadm@lid00a:/segfs/bliss/projects/LIMA/build/depot_win/win_vc9/pco/install-2016-04-12_162026]
  to: [/t/rhoms1/install-2016-04-12_162026]
  to: [/t/rhoms1/install-beta]


2016/04/12 13:24:08 ==========================================
scp: copied local directory to segfs and /tmp_14_days:
from: [../../install/]
  to: [blissadm@lid00a:/segfs/bliss/projects/LIMA/build/depot_win/win_vc9/pco/install-2016-04-12_132402]
  to: [/t/rhoms1/install-2016-04-12_132402]
  to: [/t/rhoms1/install-beta]


2016/04/12 13:22:49 ==========================================
#define        PCO_GIT_VERSION "$Id:       PCO rev[2016-04-12 13:20:03 +0200] head[6851bfd][6851bfd395ef88053d0acd15ec73733570020236] ref[ (HEAD, master-01)] at [2016/04/12 13:22:49] $"
#define       LIMA_GIT_VERSION "$Id:      LIMA rev[2015-10-21 14:34:29 +0200] head[7ca4c77][7ca4c778889cdd1450529ba7e3a6c71eda20c72a] ref[ (HEAD, core-1.4)] at [2016/04/12 13:22:49] $"
#define    PROCLIB_GIT_VERSION "$Id:   PROCLIB rev[2015-06-09 14:50:05 +0200] head[7d49ed4][7d49ed48b9fe864251f4e6a9477699011297e39f] ref[ (HEAD, master)] at [2016/04/12 13:22:49] $"
#define  LIBCONFIG_GIT_VERSION "$Id: LIBCONFIG rev[2013-02-07 18:08:29 +0100] head[89c411a][89c411a541d4ab4d66257ccb85749853fd685cbb] ref[ (HEAD, origin/master, origin/HEAD, master)] at [2016/04/12 13:22:49] $"
#define      TANGO_GIT_VERSION "$Id:     TANGO rev[2015-10-21 14:34:29 +0200] head[7ca4c77][7ca4c778889cdd1450529ba7e3a6c71eda20c72a] ref[ (HEAD, core-1.4)] at [2016/04/12 13:22:49] $"
#define       SPEC_GIT_VERSION "$Id:      SPEC rev[2015-09-25 11:55:20 +0200] head[519ea7a][519ea7a708695550499930fbc4fa53a1b93d493c] ref[ (HEAD, master)] at [2016/04/12 13:22:49] $"


2016/04/12 10:56:41 ==========================================
scp: copied local directory to segfs and /tmp_14_days:
from: [../../install/]
  to: [blissadm@lid00a:/segfs/bliss/projects/LIMA/build/depot_win/win_vc9/pco/install-2016-04-12_105634]
  to: [/t/rhoms1/install-2016-04-12_105634]
  to: [/t/rhoms1/install-beta]

- problem with the accumulation mode memory crash (id17)
  patch made in core:
  
control/src/CtAccumulation.cpp:578:

void CtAccumulation::prepare()

  CtBuffer *buffer = m_ct.buffer();
  buffer->getNumber(m_buffers_size);
  m_buffers_size /= 2 ;       <------------------------ patch


2016/04/11 11:55:03 ==========================================
#define        PCO_GIT_VERSION "$Id:       PCO rev[2016-04-04 11:16:09 +0200] head[d005573][d005573bc89274d9d8f9aa07e100ceaf36a70974] ref[ (HEAD, gitlab/master, master)] at [2016/04/11 11:55:02] $"
#define       LIMA_GIT_VERSION "$Id:      LIMA rev[2015-10-21 14:34:29 +0200] head[7ca4c77][7ca4c778889cdd1450529ba7e3a6c71eda20c72a] ref[ (HEAD, core-1.4)] at [2016/04/11 11:55:02] $"
#define    PROCLIB_GIT_VERSION "$Id:   PROCLIB rev[2015-06-09 14:50:05 +0200] head[7d49ed4][7d49ed48b9fe864251f4e6a9477699011297e39f] ref[ (HEAD, master)] at [2016/04/11 11:55:02] $"
#define  LIBCONFIG_GIT_VERSION "$Id: LIBCONFIG rev[2013-02-07 18:08:29 +0100] head[89c411a][89c411a541d4ab4d66257ccb85749853fd685cbb] ref[ (HEAD, origin/master, origin/HEAD, master)] at [2016/04/11 11:55:02] $"
#define      TANGO_GIT_VERSION "$Id:     TANGO rev[2015-10-21 14:34:29 +0200] head[7ca4c77][7ca4c778889cdd1450529ba7e3a6c71eda20c72a] ref[ (HEAD, core-1.4)] at [2016/04/11 11:55:02] $"
#define       SPEC_GIT_VERSION "$Id:      SPEC rev[2015-09-25 11:55:20 +0200] head[519ea7a][519ea7a708695550499930fbc4fa53a1b93d493c] ref[ (HEAD, master)] at [2016/04/11 11:55:02] $"



2016/03/31 13:45:25 ==========================================
scp: copied local directory to segfs and /tmp_14_days:
from: [../../install/]
  to: [blissadm@lid00a:/segfs/bliss/projects/LIMA/build/depot_win/win_vc9/pco/install-2016-03-31_134518]
  to: [/t/rhoms1/install-2016-03-31_134518]
  to: [/t/rhoms1/install-beta]



2016/03/31 13:29:46 ==========================================
#define        PCO_GIT_VERSION "$Id:       PCO rev[2016-03-31 13:26:25 +0200] head[ad1e112][ad1e112490c8e9fa168d8cdaeda243d1594f81da] ref[ (HEAD, tag: pco-win64-1.4.5, master)] at [2016/03/31 13:29:45] $"
#define       LIMA_GIT_VERSION "$Id:      LIMA rev[2015-10-21 14:34:29 +0200] head[7ca4c77][7ca4c778889cdd1450529ba7e3a6c71eda20c72a] ref[ (HEAD, core-1.4)] at [2016/03/31 13:29:45] $"
#define    PROCLIB_GIT_VERSION "$Id:   PROCLIB rev[2015-06-09 14:50:05 +0200] head[7d49ed4][7d49ed48b9fe864251f4e6a9477699011297e39f] ref[ (HEAD, master)] at [2016/03/31 13:29:45] $"
#define  LIBCONFIG_GIT_VERSION "$Id: LIBCONFIG rev[2013-02-07 18:08:29 +0100] head[89c411a][89c411a541d4ab4d66257ccb85749853fd685cbb] ref[ (HEAD, origin/master, origin/HEAD, master)] at [2016/03/31 13:29:45] $"
#define      TANGO_GIT_VERSION "$Id:     TANGO rev[2015-10-21 14:34:29 +0200] head[7ca4c77][7ca4c778889cdd1450529ba7e3a6c71eda20c72a] ref[ (HEAD, core-1.4)] at [2016/03/31 13:29:45] $"
#define       SPEC_GIT_VERSION "$Id:      SPEC rev[2015-09-25 11:55:20 +0200] head[519ea7a][519ea7a708695550499930fbc4fa53a1b93d493c] ref[ (HEAD, master)] at [2016/03/31 13:29:45] $"

- prepare blissinstaller package 
  tag pco-win64-1.4.5
- updated vc pco proj tango files (lima/appliations/tango/python/...)

2016/03/30 ==========================================

- merged develop_solei 227a2487a4e637d6113e0e82d28c2ed433632919 to master 
-- master was b09431cb7b3d00efdac210bb9810fc9c8ae854bd 2015-07-29 17:33:39


2016/03/03 15:46:28 ==========================================
scp: copied local directory to segfs and /tmp_14_days:
from: [../../install/]
  to: [blissadm@lid00a:/segfs/bliss/projects/LIMA/build/depot_win/win_vc9/pco/install-2016-03-03_154622]
  to: [/t/rhoms1/install-2016-03-03_154622]
  to: [/t/rhoms1/install-beta]

TODO 
- update the new attrib / push
  talk bitAlignment [<1 (LSB) || 0 (MSB)>
- update them in spec / push
- blissbuilder


2016/03/03 14:30:59 ==========================================
#define        PCO_GIT_VERSION "$Id:       PCO rev[2016-03-03 14:29:27 +0100] head[3dc8b46][3dc8b46b50e2ae6c105d20acbcf6bbe05485d3d2] ref[ (HEAD, origin/develop_solei, develop_solei)] at [2016/03/03 14:30:58] $"
#define       LIMA_GIT_VERSION "$Id:      LIMA rev[2015-10-21 14:34:29 +0200] head[7ca4c77][7ca4c778889cdd1450529ba7e3a6c71eda20c72a] ref[ (HEAD, core-1.4)] at [2016/03/03 14:30:58] $"
#define    PROCLIB_GIT_VERSION "$Id:   PROCLIB rev[2015-06-09 14:50:05 +0200] head[7d49ed4][7d49ed48b9fe864251f4e6a9477699011297e39f] ref[ (HEAD, master)] at [2016/03/03 14:30:58] $"
#define  LIBCONFIG_GIT_VERSION "$Id: LIBCONFIG rev[2013-02-07 18:08:29 +0100] head[89c411a][89c411a541d4ab4d66257ccb85749853fd685cbb] ref[ (HEAD, origin/master, origin/HEAD, master)] at [2016/03/03 14:30:58] $"
#define      TANGO_GIT_VERSION "$Id:     TANGO rev[2015-10-21 14:34:29 +0200] head[7ca4c77][7ca4c778889cdd1450529ba7e3a6c71eda20c72a] ref[ (HEAD, core-1.4)] at [2016/03/03 14:30:58] $"
#define       SPEC_GIT_VERSION "$Id:      SPEC rev[2015-09-25 11:55:20 +0200] head[519ea7a][519ea7a708695550499930fbc4fa53a1b93d493c] ref[ (HEAD, master)] at [2016/03/03 14:30:58] $"



2016/02/24 14:02:25 ==========================================
scp: copied local directory to segfs and /tmp_14_days:
from: [../../install/]
  to: [blissadm@lid00a:/segfs/bliss/projects/LIMA/build/depot_win/win_vc9/pco/install-2016-02-24_140219]
  to: [/t/rhoms1/install-2016-02-24_140219]
  to: [/t/rhoms1/install-beta]

$Id: comp[2016/02/24 12:30:14] file[2016/02/24 12:03:31] [..\..\..\..\src\PcoCamera.cpp] $

- pco / included the control of alignment of the 12b data to 16b
- enabled the pixelRate control in pco 2K and 4K
- minor changes in talk cmd



2016/02/08 19:54:11 ==========================================
#define        PCO_GIT_VERSION "$Id:       PCO rev[2016-02-08 19:51:33 +0100] head[8a1caa7][8a1caa7202909769581e6df73426350e756a8747] ref[ (HEAD, develop_solei)] at [2016/02/08 19:54:10] $"
#define       LIMA_GIT_VERSION "$Id:      LIMA rev[2015-10-21 14:34:29 +0200] head[7ca4c77][7ca4c778889cdd1450529ba7e3a6c71eda20c72a] ref[ (HEAD, core-1.4)] at [2016/02/08 19:54:10] $"
#define    PROCLIB_GIT_VERSION "$Id:   PROCLIB rev[2015-06-09 14:50:05 +0200] head[7d49ed4][7d49ed48b9fe864251f4e6a9477699011297e39f] ref[ (HEAD, master)] at [2016/02/08 19:54:10] $"
#define  LIBCONFIG_GIT_VERSION "$Id: LIBCONFIG rev[2013-02-07 18:08:29 +0100] head[89c411a][89c411a541d4ab4d66257ccb85749853fd685cbb] ref[ (HEAD, origin/master, origin/HEAD, master)] at [2016/02/08 19:54:10] $"
#define      TANGO_GIT_VERSION "$Id:     TANGO rev[2015-10-21 14:34:29 +0200] head[7ca4c77][7ca4c778889cdd1450529ba7e3a6c71eda20c72a] ref[ (HEAD, core-1.4)] at [2016/02/08 19:54:10] $"
#define       SPEC_GIT_VERSION "$Id:      SPEC rev[2015-09-25 11:55:20 +0200] head[519ea7a][519ea7a708695550499930fbc4fa53a1b93d493c] ref[ (HEAD, master)] at [2016/02/08 19:54:10] $"


2016/02/08 19:36:47 ==========================================

- pco / Camera::reset(int)
    modified to close complete the cam when the ds receive ctrl-C
    tango calls close_interface() but does not destroy the objs
    close_interface() calls reset (from - f0132cc7cf045c)


2016/02/05 20:04:18 ==========================================
#define        PCO_GIT_VERSION "$Id:       PCO rev[2016-02-05 20:02:41 +0100] head[f05fe64][f05fe647fa6d04db277b45ca464bae2caceb83b5] ref[ (HEAD, develop_solei)] at [2016/02/05 20:04:18] $"
#define       LIMA_GIT_VERSION "$Id:      LIMA rev[2015-10-21 14:34:29 +0200] head[7ca4c77][7ca4c778889cdd1450529ba7e3a6c71eda20c72a] ref[ (HEAD, core-1.4)] at [2016/02/05 20:04:18] $"
#define    PROCLIB_GIT_VERSION "$Id:   PROCLIB rev[2015-06-09 14:50:05 +0200] head[7d49ed4][7d49ed48b9fe864251f4e6a9477699011297e39f] ref[ (HEAD, master)] at [2016/02/05 20:04:18] $"
#define  LIBCONFIG_GIT_VERSION "$Id: LIBCONFIG rev[2013-02-07 18:08:29 +0100] head[89c411a][89c411a541d4ab4d66257ccb85749853fd685cbb] ref[ (HEAD, origin/master, origin/HEAD, master)] at [2016/02/05 20:04:18] $"
#define      TANGO_GIT_VERSION "$Id:     TANGO rev[2015-10-21 14:34:29 +0200] head[7ca4c77][7ca4c778889cdd1450529ba7e3a6c71eda20c72a] ref[ (HEAD, core-1.4)] at [2016/02/05 20:04:18] $"
#define       SPEC_GIT_VERSION "$Id:      SPEC rev[2015-09-25 11:55:20 +0200] head[519ea7a][519ea7a708695550499930fbc4fa53a1b93d493c] ref[ (HEAD, master)] at [2016/02/05 20:04:18] $"



2016/02/05 18:50:31 ==========================================
  _xferImagMulti: solve the fixed timeout (5s) of PCO_GetImageEx
  testing with pco2k / w64 bm05



2015/09/29 12:12:21 ==========================================
pushed - 65637c477990d630f67fba385f2fe2f745089671
    - beta test
    - restore 2nd arm pass / to check options
    - fix GigE for 2000/4000 - tested with usb/GigE
    - added some att (spec / tango)
    - included ip conf (GigE)
    - included initial properties (PCO -> params)
    - other debug/minor changes

#define        PCO_GIT_VERSION "$Id:       PCO rev[2015-09-29 11:56:41 +0200] head[65637c4][65637c477990d630f67fba385f2fe2f745089671] ref[ (HEAD, origin/develop, develop)] at [2015/09/29 12:12:20] $"
#define       LIMA_GIT_VERSION "$Id:      LIMA rev[2015-09-25 13:19:22 +0200] head[753502f][753502fa269791d412013ded76ebb81bfdee4bd0] ref[ (HEAD, origin/core-1.4, core-1.4)] at [2015/09/29 12:12:20] $"
#define    PROCLIB_GIT_VERSION "$Id:   PROCLIB rev[2015-06-09 14:50:05 +0200] head[7d49ed4][7d49ed48b9fe864251f4e6a9477699011297e39f] ref[ (HEAD, origin/master, origin/HEAD, master)] at [2015/09/29 12:12:20] $"
#define  LIBCONFIG_GIT_VERSION "$Id: LIBCONFIG rev[2013-02-07 18:08:29 +0100] head[89c411a][89c411a541d4ab4d66257ccb85749853fd685cbb] ref[ (HEAD, origin/master, origin/HEAD, master)] at [2015/09/29 12:12:20] $"
#define      TANGO_GIT_VERSION "$Id:     TANGO rev[2015-09-25 13:04:32 +0200] head[043fbb3][043fbb3c61f832c05327fe3e247041b28796445e] ref[ (HEAD, origin/master, origin/HEAD, master)] at [2015/09/29 12:12:20] $"


2015/09/29 14:41:15 ==========================================
- restore 2nd arm pass / to check options
- fix GigE for 2000/4000 - tested with usb/GigE
- added some att (spec / tango)

2015/09/24 14:41:15 ==========================================
- included ip conf (GigE)

2015/09/12 14:58:25 ==========================================
- included initial properties (PCO -> params)

2015/09/10 17:33:42 ==========================================
- tests with 64 bits
- fixed proyect lima pco to RELEASE
- working in release x64
- x64 - temp save
- project release x64
- minor changes
    
2015/09/02 19:17:42 ==========================================
#define        PCO_GIT_VERSION "$Id:       PCO rev[2015-08-09 19:03:16 +0200] head[bae0d67][bae0d67fa7c04daa9baa41c39b7be37434492427] ref[ (HEAD, origin/develop, develop)] at [2015/09/02 19:17:42] $"
#define       LIMA_GIT_VERSION "$Id:      LIMA rev[2015-08-25 18:10:21 +0200] head[c800316][c800316452f0c138efe37b90d7ea1154a5a6e9b7] ref[ (HEAD, tag: tango-camera-frelon-1.4.2, tag: frelon-1.4.1, tag: core-1.4.4, origin/core-1.4, core-1.4)] at [2015/09/02 19:17:42] $"
#define    PROCLIB_GIT_VERSION "$Id:   PROCLIB rev[2015-06-09 14:50:05 +0200] head[7d49ed4][7d49ed48b9fe864251f4e6a9477699011297e39f] ref[ (HEAD, origin/master, origin/HEAD, master)] at [2015/09/02 19:17:42] $"
#define  LIBCONFIG_GIT_VERSION "$Id: LIBCONFIG rev[2013-02-07 18:08:29 +0100] head[89c411a][89c411a541d4ab4d66257ccb85749853fd685cbb] ref[ (HEAD, origin/master, origin/HEAD, master)] at [2015/09/02 19:17:42] $"
#define      TANGO_GIT_VERSION "$Id:     TANGO rev[2015-08-19 13:00:10 +0200] head[22dfd71][22dfd714cc0343dd4407c4a879e36231c6c3d778] ref[ (HEAD, origin/master, origin/HEAD, master)] at [2015/09/02 19:17:42] $"

2015/09/01 12:55:33 ==========================================
- tests with 64 bits

2015/08/09 17:57:22 ==========================================
- stop recording -> modified to be sync / alert from Seb 
- since the beginning it was async (?)

2015/08/04 17:28:01 ==========================================
- stop recording: check PCO_GetPendingBuffer to know if PCO_CancelImages is required - dead time reduction (1.5 sec) 

#define        PCO_GIT_VERSION "$Id:       PCO rev[2015-07-31 13:12:30 +0200] head[a9fe182][a9fe1826cf21fc4d96fa6cb84c624203bc4c1563] ref[ (HEAD, github/develop, develop)] at [2015/08/04 17:27:59] $"
#define       LIMA_GIT_VERSION "$Id:      LIMA rev[2015-06-01 19:18:32 +0200] head[771766a][771766ada820561aa41c4b952ca515bd1604382a] ref[ (HEAD, core-1.4)] at [2015/08/04 17:27:59] $"
#define    PROCLIB_GIT_VERSION "$Id:   PROCLIB rev[2015-06-01 18:48:32 +0200] head[4d2617a][4d2617af3b25b5033fe0ce807d36ef34f28f8681] ref[ (HEAD, origin/master, origin/HEAD, master)] at [2015/08/04 17:27:59] $"
#define  LIBCONFIG_GIT_VERSION "$Id: LIBCONFIG rev[2013-02-07 18:08:29 +0100] head[89c411a][89c411a541d4ab4d66257ccb85749853fd685cbb] ref[ (HEAD, origin/master, origin/HEAD, master)] at [2015/08/04 17:27:59] $"
#define      TANGO_GIT_VERSION "$Id:     TANGO rev[2015-06-03 11:42:48 +0200] head[676128c][676128c2d558d441907949b54736e6f80485d280] ref[ (HEAD, master)] at [2015/08/04 17:27:59] $"


2015/06/22 10:04:15 ==========================================
- included tango ID
- version to test in ID21

#define        PCO_GIT_VERSION "$Id:       PCO rev[2015-06-22 10:02:31 +0200] head[e61c76d][e61c76d7a7624d96a2523f25a775f31d5fb298a3] ref[ (HEAD, origin/master, origin/HEAD, master)] at [2015/06/22 10:04:14] $"
#define       LIMA_GIT_VERSION "$Id:      LIMA rev[2015-06-01 19:18:32 +0200] head[771766a][771766ada820561aa41c4b952ca515bd1604382a] ref[ (HEAD, origin/core-1.4, core-1.4)] at [2015/06/22 10:04:14] $"
#define    PROCLIB_GIT_VERSION "$Id:   PROCLIB rev[2015-06-01 18:48:32 +0200] head[4d2617a][4d2617af3b25b5033fe0ce807d36ef34f28f8681] ref[ (HEAD, origin/master, origin/HEAD, master)] at [2015/06/22 10:04:14] $"
#define  LIBCONFIG_GIT_VERSION "$Id: LIBCONFIG rev[2013-02-07 18:08:29 +0100] head[89c411a][89c411a541d4ab4d66257ccb85749853fd685cbb] ref[ (HEAD, origin/master, origin/HEAD, master)] at [2015/06/22 10:04:14] $"
#define      TANGO_GIT_VERSION "$Id:     TANGO rev[2015-06-03 11:42:48 +0200] head[676128c][676128c2d558d441907949b54736e6f80485d280] ref[ (HEAD, origin/master, origin/HEAD, master)] at [2015/06/22 10:04:14] $"


2015/06/19 18:04:32 ==========================================
#define        PCO_GIT_VERSION "$Id:       PCO rev[2015-06-19 17:33:56 +0200] head[a00054d][a00054db0fd3500db53e7cdd482463a97f662b67] ref[ (HEAD, origin/master, origin/HEAD, master)] at [2015/06/19 18:04:31] $"
#define       LIMA_GIT_VERSION "$Id:      LIMA rev[2015-06-01 19:18:32 +0200] head[771766a][771766ada820561aa41c4b952ca515bd1604382a] ref[ (HEAD, origin/core-1.4, core-1.4)] at [2015/06/19 18:04:31] $"
#define    PROCLIB_GIT_VERSION "$Id:   PROCLIB rev[2015-06-01 18:48:32 +0200] head[4d2617a][4d2617af3b25b5033fe0ce807d36ef34f28f8681] ref[ (HEAD, origin/master, origin/HEAD, master)] at [2015/06/19 18:04:31] $"
#define  LIBCONFIG_GIT_VERSION "$Id: LIBCONFIG rev[2013-02-07 18:08:29 +0100] head[89c411a][89c411a541d4ab4d66257ccb85749853fd685cbb] ref[ (HEAD, origin/master, origin/HEAD, master)] at [2015/06/19 18:04:31] $"

5.RHPCO> p tango_io("id06/pco/pcodimax1", "talk","timestamp")
$Id: comp[2015/06/19 18:07:17] file[2015/06/19 17:46:56] [..\..\..\..\src\PcoCamera.cpp] $
$Id: comp[2015/06/01 16:55:20] file[2015/06/01 14:04:58] [..\..\..\..\src\PcoSyncCtrlObj.cpp] $
$Id: comp[2015/06/01 16:55:27] file[2015/06/01 14:04:58] [..\..\..\..\src\PcoInterface.cpp] $
$Id: comp[2015/06/01 16:55:40] file[2015/06/01 14:04:58] [..\..\..\..\src\PcoBufferCtrlObj.cpp] $
$Id: comp[2015/06/01 16:55:32] file[2015/06/01 14:04:58] [..\..\..\..\src\PcoDetInfoCtrlObj.cpp] $
$Id: comp[2015/06/19 18:02:40] file[2015/06/19 17:46:56] [..\..\..\..\src\PcoCameraUtils.cpp] $
$Id: comp[2015/06/01 16:55:25] file[2015/06/01 14:04:58] [..\..\..\..\src\PcoRoiCtrlObj.cpp] $
$Id:       PCO rev[2015-06-19 17:33:56 +0200] head[a00054d][a00054db0fd3500db53e7cdd482463a97f662b67] ref[ (HEAD, origin/master, origin/HEAD, master)] at [2015/06/19 18:04:31] $
$Id:      LIMA rev[2015-06-01 19:18:32 +0200] head[771766a][771766ada820561aa41c4b952ca515bd1604382a] ref[ (HEAD, origin/core-1.4, core-1.4)] at [2015/06/19 18:04:31] $
$Id:   PROCLIB rev[2015-06-01 18:48:32 +0200] head[4d2617a][4d2617af3b25b5033fe0ce807d36ef34f28f8681] ref[ (HEAD, origin/master, origin/HEAD, master)] at [2015/06/19 18:04:31] $
$Id: LIBCONFIG rev[2013-02-07 18:08:29 +0100] head[89c411a][89c411a541d4ab4d66257ccb85749853fd685cbb] ref[ (HEAD, origin/master, origin/HEAD, master)] at [2015/06/19 18:04:31] $
    timestamp: 2015/06/19 18:07:49
computer name: WID15DIMAX2
    user name: OPID15



2015/06/19 15:24:16 ==========================================
#define        PCO_GIT_VERSION "$Id:       PCO rev[2015-01-06 16:15:29 +0100] head[e76f6d2][e76f6d27f15cd78ae52e9351d119011351637756] ref[ (HEAD, origin/master, origin/HEAD, master)] at [2015/06/19 15:24:15] $"
#define       LIMA_GIT_VERSION "$Id:      LIMA rev[2015-06-01 19:18:32 +0200] head[771766a][771766ada820561aa41c4b952ca515bd1604382a] ref[ (HEAD, origin/core-1.4, core-1.4)] at [2015/06/19 15:24:15] $"
#define    PROCLIB_GIT_VERSION "$Id:   PROCLIB rev[2015-06-01 18:48:32 +0200] head[4d2617a][4d2617af3b25b5033fe0ce807d36ef34f28f8681] ref[ (HEAD, origin/master, origin/HEAD, master)] at [2015/06/19 15:24:15] $"
#define  LIBCONFIG_GIT_VERSION "$Id: LIBCONFIG rev[2013-02-07 18:08:29 +0100] head[89c411a][89c411a541d4ab4d66257ccb85749853fd685cbb] ref[ (HEAD, origin/master, origin/HEAD, master)] at [2015/06/19 15:24:15] $"


c:\blissadm\lima\pco\install>python LimaCCDs.py pcodimax1 -ORBendPoint giop:tcp:160.103.26.70:
Failed to import EventChannelFactory notifd/factory/wid15dimax2.esrf.fr from the Tango database
[2015/06/19 17:30:57.766544] lima::Pco::Camera::Camera (..\..\..\..\src\PcoCamera.cpp:244): m_pcoData->version=
$Id: comp[2015/06/19 17:28:34] file[2015/06/03 15:00:11] [..\..\..\..\src\PcoCamera.cpp] $
$Id: comp[2015/06/01 16:55:20] file[2015/06/01 14:04:58] [..\..\..\..\src\PcoSyncCtrlObj.cpp] $
$Id: comp[2015/06/01 16:55:27] file[2015/06/01 14:04:58] [..\..\..\..\src\PcoInterface.cpp] $
$Id: comp[2015/06/01 16:55:40] file[2015/06/01 14:04:58] [..\..\..\..\src\PcoBufferCtrlObj.cpp] $
$Id: comp[2015/06/01 16:55:32] file[2015/06/01 14:04:58] [..\..\..\..\src\PcoDetInfoCtrlObj.cpp] $
$Id: comp[2015/06/03 14:40:03] file[2015/06/03 14:40:02] [..\..\..\..\src\PcoCameraUtils.cpp] $
$Id: comp[2015/06/01 16:55:25] file[2015/06/01 14:04:58] [..\..\..\..\src\PcoRoiCtrlObj.cpp] $
$Id:       PCO rev[2015-01-06 16:15:29 +0100] head[e76f6d2][e76f6d27f15cd78ae52e9351d119011351637756] ref[ (HEAD, origin/master, origin/HEAD, master)] at [2015/06/19 15:24:15] $
$Id:      LIMA rev[2015-06-01 19:18:32 +0200] head[771766a][771766ada820561aa41c4b952ca515bd1604382a] ref[ (HEAD, origin/core-1.4, core-1.4)] at [2015/06/19 15:24:15] $
$Id:   PROCLIB rev[2015-06-01 18:48:32 +0200] head[4d2617a][4d2617af3b25b5033fe0ce807d36ef34f28f8681] ref[ (HEAD, origin/master, origin/HEAD, master)] at [2015/06/19 15:24:15] $
$Id: LIBCONFIG rev[2013-02-07 18:08:29 +0100] head[89c411a][89c411a541d4ab4d66257ccb85749853fd685cbb] ref[ (HEAD, origin/master, origin/HEAD, master)] at [2015/06/19 15:24:15] $
    timestamp: 2015/06/19 17:30:57
computer name: WID15DIMAX2
    user name: OPID15



2015/06/01 16:56:27 ==========================================
- checkout lima core 1.4

#define        PCO_GIT_VERSION "$Id:       PCO rev[2015-01-06 16:15:29 +0100] head[e76f6d2][e76f6d27f15cd78ae52e9351d119011351637756] at [2015/06/01 16:56:27] $"
#define       LIMA_GIT_VERSION "$Id:      LIMA rev[2015-05-28 10:48:45 +0200] head[b32e69d][b32e69d6be2c0b01a709eca9b61904e46315ad31] at [2015/06/01 16:56:27] $"
#define    PROCLIB_GIT_VERSION "$Id:   PROCLIB rev[2015-01-15 15:08:16 +0100] head[70f9a88][70f9a88b7f90b49fb37a686c594538158b7d4ab7] at [2015/06/01 16:56:27] $"
#define  LIBCONFIG_GIT_VERSION "$Id: LIBCONFIG rev[2013-02-07 18:08:29 +0100] head[89c411a][89c411a541d4ab4d66257ccb85749853fd685cbb] at [2015/06/01 16:56:27] $"

wid15dimax2
c:\blissadm\lima\pco\install>python LimaCCDs.py pcodimax1 -ORBendPoint giop:tcp:160.103.26.70:
[2015/06/03 11:25:58.231133] lima::Pco::Camera::Camera (..\..\..\..\src\PcoCamera.cpp:236): m_pcoData->version=
$Id: comp[2015/06/01 16:56:49] file[2015/06/01 14:04:58] [..\..\..\..\src\PcoCamera.cpp] $
$Id: comp[2015/06/01 16:55:20] file[2015/06/01 14:04:58] [..\..\..\..\src\PcoSyncCtrlObj.cpp] $
$Id: comp[2015/06/01 16:55:27] file[2015/06/01 14:04:58] [..\..\..\..\src\PcoInterface.cpp] $
$Id: comp[2015/06/01 16:55:40] file[2015/06/01 14:04:58] [..\..\..\..\src\PcoBufferCtrlObj.cpp] $
$Id: comp[2015/06/01 16:55:32] file[2015/06/01 14:04:58] [..\..\..\..\src\PcoDetInfoCtrlObj.cpp] $
$Id: comp[2015/06/01 16:55:34] file[2015/06/01 14:04:58] [..\..\..\..\src\PcoCameraUtils.cpp] $
$Id: comp[2015/06/01 16:55:25] file[2015/06/01 14:04:58] [..\..\..\..\src\PcoRoiCtrlObj.cpp] $
$Id:       PCO rev[2015-01-06 16:15:29 +0100] head[e76f6d2][e76f6d27f15cd78ae52e9351d119011351637756] at [2015/06/01 16:56:27] $
$Id:      LIMA rev[2015-05-28 10:48:45 +0200] head[b32e69d][b32e69d6be2c0b01a709eca9b61904e46315ad31] at [2015/06/01 16:56:27] $
$Id:   PROCLIB rev[2015-01-15 15:08:16 +0100] head[70f9a88][70f9a88b7f90b49fb37a686c594538158b7d4ab7] at [2015/06/01 16:56:27] $
$Id: LIBCONFIG rev[2013-02-07 18:08:29 +0100] head[89c411a][89c411a541d4ab4d66257ccb85749853fd685cbb] at [2015/06/01 16:56:27] $

2015/06/01 15:38:00 ==========================================
- compiling for lima 1.4

#define        PCO_GIT_VERSION "$Id:       PCO rev[2015-01-06 16:15:29 +0100] head[e76f6d2][e76f6d27f15cd78ae52e9351d119011351637756] at [2015/06/01 15:37:58] $"
#define       LIMA_GIT_VERSION "$Id:      LIMA rev[2015-05-28 10:41:46 +0200] head[6fd4667][6fd466741df93a4d49ece558283614d6ab32e547] at [2015/06/01 15:37:58] $"
#define    PROCLIB_GIT_VERSION "$Id:   PROCLIB rev[2015-01-15 15:08:16 +0100] head[70f9a88][70f9a88b7f90b49fb37a686c594538158b7d4ab7] at [2015/06/01 15:37:58] $"
#define  LIBCONFIG_GIT_VERSION "$Id: LIBCONFIG rev[2013-02-07 18:08:29 +0100] head[89c411a][89c411a541d4ab4d66257ccb85749853fd685cbb] at [2015/06/01 15:37:58] $"

2014/10/24 12:09:33 ==========================================
- some minor and merge last edge tested. 
- to be tested to make a package 1.303

#define        PCO_GIT_VERSION "$Id:       PCO rev[2014-10-24 12:08:24 +0200] head[19e67b8][19e67b8c49a4b4a70c2b1a1506b38afa381e4423] at [2014/10/24 12:09:32] $"
#define       LIMA_GIT_VERSION "$Id:      LIMA rev[2014-08-06 15:24:21 +0200] head[c6d6ce9][c6d6ce9c87b7a439cc76724e09cf8c479c4967fe] at [2014/10/24 12:09:32] $"
#define    PROCLIB_GIT_VERSION "$Id:   PROCLIB rev[2014-03-07 16:52:19 +0100] head[52a3557][52a3557a28917bfc8a3f03f3e35f6a1cb6515280] at [2014/10/24 12:09:32] $"
#define  LIBCONFIG_GIT_VERSION "$Id: LIBCONFIG rev[2013-02-07 18:08:29 +0100] head[89c411a][89c411a541d4ab4d66257ccb85749853fd685cbb] at [2014/10/24 12:09:32] $"

2014/10/20 10:33:16 ==========================================
- edge: fixed bug during rolling shutter change (crashed in invalid ptr)

#define        PCO_GIT_VERSION "$Id:       PCO rev[2014-10-20 10:31:13 +0200] head[9f16f26][9f16f2601896b382e554a0038e916c52f1d65a25] at [2014/10/20 10:33:15] $"
#define       LIMA_GIT_VERSION "$Id:      LIMA rev[2014-08-06 15:24:21 +0200] head[c6d6ce9][c6d6ce9c87b7a439cc76724e09cf8c479c4967fe] at [2014/10/20 10:33:15] $"
#define    PROCLIB_GIT_VERSION "$Id:   PROCLIB rev[2014-03-07 16:52:19 +0100] head[52a3557][52a3557a28917bfc8a3f03f3e35f6a1cb6515280] at [2014/10/20 10:33:15] $"
#define  LIBCONFIG_GIT_VERSION "$Id: LIBCONFIG rev[2013-02-07 18:08:29 +0100] head[89c411a][89c411a541d4ab4d66257ccb85749853fd685cbb] at [2014/10/20 10:33:15] $"


2014/10/17 12:38:58 ==========================================
- pixelRate -> talk -> return the requested value used in the next ARM

#define        PCO_GIT_VERSION "$Id:       PCO rev[2014-10-17 12:37:35 +0200] head[76632f4][76632f49763658bf085e2cdc45b10ed55d0b1a51] at [2014/10/17 12:38:57] $"
#define       LIMA_GIT_VERSION "$Id:      LIMA rev[2014-08-06 15:24:21 +0200] head[c6d6ce9][c6d6ce9c87b7a439cc76724e09cf8c479c4967fe] at [2014/10/17 12:38:57] $"
#define    PROCLIB_GIT_VERSION "$Id:   PROCLIB rev[2014-03-07 16:52:19 +0100] head[52a3557][52a3557a28917bfc8a3f03f3e35f6a1cb6515280] at [2014/10/17 12:38:57] $"
#define  LIBCONFIG_GIT_VERSION "$Id: LIBCONFIG rev[2013-02-07 18:08:29 +0100] head[89c411a][89c411a541d4ab4d66257ccb85749853fd685cbb] at [2014/10/17 12:38:57] $"


2014/09/30 17:39:24 ==========================================
#define        PCO_GIT_VERSION "$Id:       PCO rev[2014-09-30 14:33:21 +0200] head[5259144][52591440d7b0687cd8b14d8cd7f013f187e3a5de] at [2014/09/30 17:39:22] $"
#define       LIMA_GIT_VERSION "$Id:      LIMA rev[2014-08-06 15:24:21 +0200] head[c6d6ce9][c6d6ce9c87b7a439cc76724e09cf8c479c4967fe] at [2014/09/30 17:39:22] $"
#define    PROCLIB_GIT_VERSION "$Id:   PROCLIB rev[2014-03-07 16:52:19 +0100] head[52a3557][52a3557a28917bfc8a3f03f3e35f6a1cb6515280] at [2014/09/30 17:39:22] $"
#define  LIBCONFIG_GIT_VERSION "$Id: LIBCONFIG rev[2013-02-07 18:08:29 +0100] head[89c411a][89c411a541d4ab4d66257ccb85749853fd685cbb] at [2014/09/30 17:39:22] $"


2014/09/30 14:27:00 ========================================== / test with wid19dimax

----------------------------  OLD VERSION
C:\blissadm\install-2014-09-25_181605>cd ..\pco-1.3.5\install
C:\blissadm\pco-1.3.5\install>LimaCCDs.py edge

m_pcoData->version=
$Id: comp[2014/08/12 13:18:40] file[2014/08/12 11:44:23] [..\..\..\..\src\PcoCamera.cpp] $
$Id: comp[2014/08/12 13:39:56] file[2014/08/12 13:39:55] [..\..\..\..\src\PcoSyncCtrlObj.cpp] $
$Id: comp[2014/08/12 12:08:06] file[2014/03/17 18:24:08] [..\..\..\..\src\PcoInterface.cpp] $
$Id: comp[2014/08/12 12:08:16] file[2014/03/17 19:39:52] [..\..\..\..\src\PcoBufferCtrlObj.cpp] $
$Id: comp[2014/08/12 12:08:10] file[2013/06/20 18:26:44] [..\..\..\..\src\PcoDetInfoCtrlObj.cpp] $
$Id: comp[2014/08/12 12:12:03] file[2014/08/12 12:12:02] [..\..\..\..\src\PcoCameraUtils.cpp] $
$Id: comp[2014/08/12 12:08:04] file[2014/08/11 19:48:03] [..\..\..\..\src\PcoRoiCtrlObj.cpp] $
$Id:       PCO rev[2014-08-12 11:50:43 +0200] head[6e01263][6e0126326adaaa0f00cdc6bf620ebf3705ade66a] at [2014/08/12 13:17:02] $
$Id:      LIMA rev[2014-08-06 15:24:21 +0200] head[c6d6ce9][c6d6ce9c87b7a439cc76724e09cf8c479c4967fe] at [2014/08/12 13:17:02] $
$Id:   PROCLIB rev[2014-03-07 16:52:19 +0100] head[52a3557][52a3557a28917bfc8a3f03f3e35f6a1cb6515280] at [2014/08/12 13:17:02] $
$Id: LIBCONFIG rev[2013-02-07 18:08:29 +0100] head[89c411a][89c411a541d4ab4d66257ccb85749853fd685cbb] at [2014/08/12 13:17:02] $

=== _pco_acq_thread_edge> EXIT xfer[29967] (ms) status[pcoAcqTransferEnd]   <================ 1000  C:\blissadm\pco-1.3.5\install


----------------------------  NEW VERSION - WITHOUT DEBUG
C:\blissadm\pco-1.3.5\install>cd c:\blissadm\install-2014-09-30_132649
c:\blissadm\install-2014-09-30_132649>LimaCCDs.py edge

m_pcoData->version=
$Id: comp[2014/09/30 13:25:45] file[2014/09/30 13:22:24] [..\..\..\..\src\PcoCamera.cpp] $
$Id: comp[2014/09/30 13:25:16] file[2014/09/30 12:55:21] [..\..\..\..\src\PcoSyncCtrlObj.cpp] $
$Id: comp[2014/09/30 13:25:27] file[2014/09/30 12:55:21] [..\..\..\..\src\PcoInterface.cpp] $
$Id: comp[2014/09/30 13:25:52] file[2014/09/30 12:55:21] [..\..\..\..\src\PcoBufferCtrlObj.cpp] $
$Id: comp[2014/09/30 13:25:37] file[2013/06/20 18:26:44] [..\..\..\..\src\PcoDetInfoCtrlObj.cpp] $
$Id: comp[2014/09/30 13:25:41] file[2014/09/30 12:55:21] [..\..\..\..\src\PcoCameraUtils.cpp] $
$Id: comp[2014/09/30 13:25:21] file[2014/09/26 14:42:37] [..\..\..\..\src\PcoRoiCtrlObj.cpp] $
$Id:       PCO rev[2014-09-25 18:13:09 +0200] head[01f07f3][01f07f3831485b23fdea595fe169014baa0fb04d] at [2014/09/25 18:14:11] $
$Id:      LIMA rev[2014-08-06 15:24:21 +0200] head[c6d6ce9][c6d6ce9c87b7a439cc76724e09cf8c479c4967fe] at [2014/09/25 18:14:11] $
$Id:   PROCLIB rev[2014-03-07 16:52:19 +0100] head[52a3557][52a3557a28917bfc8a3f03f3e35f6a1cb6515280] at [2014/09/25 18:14:11] $
$Id: LIBCONFIG rev[2013-02-07 18:08:29 +0100] head[89c411a][89c411a541d4ab4d66257ccb85749853fd685cbb] at [2014/09/25 18:14:11] $

=== _pco_acq_thread_edge> EXIT xfer[30044] (ms) status[pcoAcqTransferEnd]   <============================ 1000   c:\blissadm\install-2014-09-30_132649

----------------------------  NEW VERSION - WITH DEBUG
C:\blissadm\install-2014-09-30_132649>cd ..\install-2014-09-25_181605
C:\blissadm\install-2014-09-25_181605>LimaCCDs.py edge

m_pcoData->version=
$Id: comp[2014/09/25 18:14:22] file[2014/09/25 17:06:08] [..\..\..\..\src\PcoCamera.cpp] $
$Id: comp[2014/09/25 17:57:54] file[2014/09/25 17:06:08] [..\..\..\..\src\PcoSyncCtrlObj.cpp] $
$Id: comp[2014/09/25 17:57:59] file[2014/09/25 17:06:08] [..\..\..\..\src\PcoInterface.cpp] $
$Id: comp[2014/09/25 18:02:09] file[2014/09/25 18:02:01] [..\..\..\..\src\PcoBufferCtrlObj.cpp] $
$Id: comp[2014/09/25 17:58:03] file[2013/06/20 18:26:44] [..\..\..\..\src\PcoDetInfoCtrlObj.cpp] $
$Id: comp[2014/09/25 17:58:05] file[2014/09/25 17:06:08] [..\..\..\..\src\PcoCameraUtils.cpp] $
$Id: comp[2014/09/25 17:57:57] file[2014/09/25 17:06:08] [..\..\..\..\src\PcoRoiCtrlObj.cpp] $
$Id:       PCO rev[2014-09-25 18:13:09 +0200] head[01f07f3][01f07f3831485b23fdea595fe169014baa0fb04d] at [2014/09/25 18:14:11] $
$Id:      LIMA rev[2014-08-06 15:24:21 +0200] head[c6d6ce9][c6d6ce9c87b7a439cc76724e09cf8c479c4967fe] at [2014/09/25 18:14:11] $
$Id:   PROCLIB rev[2014-03-07 16:52:19 +0100] head[52a3557][52a3557a28917bfc8a3f03f3e35f6a1cb6515280] at [2014/09/25 18:14:11] $
$Id: LIBCONFIG rev[2013-02-07 18:08:29 +0100] head[89c411a][89c411a541d4ab4d66257ccb85749853fd685cbb] at [2014/09/25 18:14:11] $

_assignImage2Buffer: myBufferLen=11059200
_assignImage2Buffer: myBufferLen=11059200, m_ImageBufferSize=11059200, dwLen=11059200

=== _pco_acq_thread_edge> EXIT xfer[70151] (ms) status[pcoAcqTransferEnd]     <============================== 1000


2014/09/25 18:14:12 ==========================================
#define        PCO_GIT_VERSION "$Id:       PCO rev[2014-09-25 18:13:09 +0200] head[01f07f3][01f07f3831485b23fdea595fe169014baa0fb04d] at [2014/09/25 18:14:11] $"
#define       LIMA_GIT_VERSION "$Id:      LIMA rev[2014-08-06 15:24:21 +0200] head[c6d6ce9][c6d6ce9c87b7a439cc76724e09cf8c479c4967fe] at [2014/09/25 18:14:11] $"
#define    PROCLIB_GIT_VERSION "$Id:   PROCLIB rev[2014-03-07 16:52:19 +0100] head[52a3557][52a3557a28917bfc8a3f03f3e35f6a1cb6515280] at [2014/09/25 18:14:11] $"
#define  LIBCONFIG_GIT_VERSION "$Id: LIBCONFIG rev[2013-02-07 18:08:29 +0100] head[89c411a][89c411a541d4ab4d66257ccb85749853fd685cbb] at [2014/09/25 18:14:11] $"



2014/09/25 14:23:39 ==========================================
- fix edge speed /test

#define        PCO_GIT_VERSION "$Id:       PCO rev[2014-09-25 14:11:30 +0200] head[200997b][200997b06e735f6bf6dc54a86c7725fb405082fd] at [2014/09/25 14:23:38] $"
#define       LIMA_GIT_VERSION "$Id:      LIMA rev[2014-08-06 15:24:21 +0200] head[c6d6ce9][c6d6ce9c87b7a439cc76724e09cf8c479c4967fe] at [2014/09/25 14:23:38] $"
#define    PROCLIB_GIT_VERSION "$Id:   PROCLIB rev[2014-03-07 16:52:19 +0100] head[52a3557][52a3557a28917bfc8a3f03f3e35f6a1cb6515280] at [2014/09/25 14:23:38] $"
#define  LIBCONFIG_GIT_VERSION "$Id: LIBCONFIG rev[2013-02-07 18:08:29 +0100] head[89c411a][89c411a541d4ab4d66257ccb85749853fd685cbb] at [2014/09/25 14:23:38] $"



2014/09/19 14:40:31 ==========================================
-  _init() -> close already opened cam

#define        PCO_GIT_VERSION "$Id:       PCO rev[2014-09-19 14:38:45 +0200] head[3f676e9][3f676e96a87f894fc425e7f9a8b5452b9ad8b52a] at [2014/09/19 14:40:30] $"
#define       LIMA_GIT_VERSION "$Id:      LIMA rev[2014-08-06 15:24:21 +0200] head[c6d6ce9][c6d6ce9c87b7a439cc76724e09cf8c479c4967fe] at [2014/09/19 14:40:30] $"
#define    PROCLIB_GIT_VERSION "$Id:   PROCLIB rev[2014-03-07 16:52:19 +0100] head[52a3557][52a3557a28917bfc8a3f03f3e35f6a1cb6515280] at [2014/09/19 14:40:30] $"
#define  LIBCONFIG_GIT_VERSION "$Id: LIBCONFIG rev[2013-02-07 18:08:29 +0100] head[89c411a][89c411a541d4ab4d66257ccb85749853fd685cbb] at [2014/09/19 14:40:30] $"



2014/09/10 10:14:22 ==========================================
- included the callback of valid range in _init() / required during the change rolling/global shutter in edge

#define        PCO_GIT_VERSION "$Id:       PCO rev[2014-09-10 10:12:41 +0200] head[3dbc862][3dbc86265e25926cb5c672a1e3f883f920b22619] at [2014/09/10 10:14:21] $"
#define       LIMA_GIT_VERSION "$Id:      LIMA rev[2014-08-06 15:24:21 +0200] head[c6d6ce9][c6d6ce9c87b7a439cc76724e09cf8c479c4967fe] at [2014/09/10 10:14:21] $"
#define    PROCLIB_GIT_VERSION "$Id:   PROCLIB rev[2014-03-07 16:52:19 +0100] head[52a3557][52a3557a28917bfc8a3f03f3e35f6a1cb6515280] at [2014/09/10 10:14:21] $"
#define  LIBCONFIG_GIT_VERSION "$Id: LIBCONFIG rev[2013-02-07 18:08:29 +0100] head[89c411a][89c411a541d4ab4d66257ccb85749853fd685cbb] at [2014/09/10 10:14:21] $"


2014/08/29 14:22:31 ========================================== 
- complete for bm05

#define        PCO_GIT_VERSION "$Id:       PCO rev[2014-08-29 14:20:07 +0200] head[42bb21f][42bb21fdd44230398daa7108683c3cc897887556] at [2014/08/29 14:22:30] $"
#define       LIMA_GIT_VERSION "$Id:      LIMA rev[2014-08-06 15:24:21 +0200] head[c6d6ce9][c6d6ce9c87b7a439cc76724e09cf8c479c4967fe] at [2014/08/29 14:22:30] $"
#define    PROCLIB_GIT_VERSION "$Id:   PROCLIB rev[2014-03-07 16:52:19 +0100] head[52a3557][52a3557a28917bfc8a3f03f3e35f6a1cb6515280] at [2014/08/29 14:22:30] $"
#define  LIBCONFIG_GIT_VERSION "$Id: LIBCONFIG rev[2013-02-07 18:08:29 +0100] head[89c411a][89c411a541d4ab4d66257ccb85749853fd685cbb] at [2014/08/29 14:22:30] $"


2014/08/14 19:12:39 ==========================================
#define        PCO_GIT_VERSION "$Id:       PCO rev[2014-08-14 19:10:21 +0200] head[c34801d][c34801d70d429de1e167b45bdd1d548e64c55087] at [2014/08/14 19:12:39] $"
#define       LIMA_GIT_VERSION "$Id:      LIMA rev[2014-08-06 15:24:21 +0200] head[c6d6ce9][c6d6ce9c87b7a439cc76724e09cf8c479c4967fe] at [2014/08/14 19:12:39] $"
#define    PROCLIB_GIT_VERSION "$Id:   PROCLIB rev[2014-03-07 16:52:19 +0100] head[52a3557][52a3557a28917bfc8a3f03f3e35f6a1cb6515280] at [2014/08/14 19:12:39] $"
#define  LIBCONFIG_GIT_VERSION "$Id: LIBCONFIG rev[2013-02-07 18:08:29 +0100] head[89c411a][89c411a541d4ab4d66257ccb85749853fd685cbb] at [2014/08/14 19:12:39] $"


319.HRTOMO> limatake 1.0e-5 500

320.HRTOMO> p tango_io("id19/limapco/edge", "talk", "traceacq")
* fnId[lima::Pco::BufferCtrlObj::_xferImag] nrEvents[4]
* roiLima xy0[0,0] xy1[2559,2159] size[2560,2160]
* imgSize[11059200 B] totSize[5529600000 B][5273.44 MB] xferSpeed[176.151 MB/s]
* nrImgRequested0[0] nrImgRequested[500] nrImgAcquired[500] nrImgRecorded[0] maxImgCount[0]
* msRecordLoop[0] msRecord[0] endRecord[2014/08/14 19:29:53]
* msXfer[29937] endXfer[2014/08/14 19:29:48]
* msImgCoc[59.6] fps[16.8] msTout[0] msTotal[0]
* msExposure[0] msDelay[0]


321.HRTOMO>         


2014/08/14 19:05:17 ==========================================
#define        PCO_GIT_VERSION "$Id:       PCO rev[2014-08-13 17:45:09 +0200] head[f01ad1f][f01ad1f9f36714855a5e8a6c9221866ad00e2f6c] at [2014/08/14 19:05:16] $"
#define       LIMA_GIT_VERSION "$Id:      LIMA rev[2014-08-06 15:24:21 +0200] head[c6d6ce9][c6d6ce9c87b7a439cc76724e09cf8c479c4967fe] at [2014/08/14 19:05:16] $"
#define    PROCLIB_GIT_VERSION "$Id:   PROCLIB rev[2014-03-07 16:52:19 +0100] head[52a3557][52a3557a28917bfc8a3f03f3e35f6a1cb6515280] at [2014/08/14 19:05:16] $"
#define  LIBCONFIG_GIT_VERSION "$Id: LIBCONFIG rev[2013-02-07 18:08:29 +0100] head[89c411a][89c411a541d4ab4d66257ccb85749853fd685cbb] at [2014/08/14 19:05:16] $"




2014/08/14 12:44:59 ==========================================
#define        PCO_GIT_VERSION "$Id:       PCO rev[2014-08-13 17:45:09 +0200] head[f01ad1f][f01ad1f9f36714855a5e8a6c9221866ad00e2f6c] at [2014/08/14 12:44:58] $"
#define       LIMA_GIT_VERSION "$Id:      LIMA rev[2014-08-06 15:24:21 +0200] head[c6d6ce9][c6d6ce9c87b7a439cc76724e09cf8c479c4967fe] at [2014/08/14 12:44:58] $"
#define    PROCLIB_GIT_VERSION "$Id:   PROCLIB rev[2014-03-07 16:52:19 +0100] head[52a3557][52a3557a28917bfc8a3f03f3e35f6a1cb6515280] at [2014/08/14 12:44:58] $"
#define  LIBCONFIG_GIT_VERSION "$Id: LIBCONFIG rev[2013-02-07 18:08:29 +0100] head[89c411a][89c411a541d4ab4d66257ccb85749853fd685cbb] at [2014/08/14 12:44:58] $"

253.HRTOMO> limatake 1.0e-5 100

254.HRTOMO> p tango_io("id19/limapco/pco4k", "talk", "traceacq")
* fnId[_pco_acq_thread_dimax] nrEvents[4]
* roiLima xy0[0,0] xy1[4007,2671] size[4008,2672]
* imgSize[21418752 B] totSize[2141875200 B][2042.65 MB] xferSpeed[14.7073 MB/s]
* nrImgRequested0[100] nrImgRequested[100] nrImgAcquired[100] nrImgRecorded[102] maxImgCount[250]
* msRecordLoop[38142] msRecord[39874] endRecord[2014/08/14 13:34:48]
* msXfer[138887] endXfer[2014/08/14 13:37:07]
* msImgCoc[375] fps[2.67] msTout[48723] msTotal[178761]   <----- 2.67 fps 1 ADC (linearity) 2 ADC (faster)
* msExposure[0.01] msDelay[0]



2014/08/13 13:55:13 ==========================================
#define        PCO_GIT_VERSION "$Id:       PCO rev[2014-08-13 13:51:04 +0200] head[e691ea7][e691ea7c04828eb6160cc35ee5326b34ad2d9b49] at [2014/08/13 13:55:12] $"
#define       LIMA_GIT_VERSION "$Id:      LIMA rev[2014-08-06 15:24:21 +0200] head[c6d6ce9][c6d6ce9c87b7a439cc76724e09cf8c479c4967fe] at [2014/08/13 13:55:12] $"
#define    PROCLIB_GIT_VERSION "$Id:   PROCLIB rev[2014-03-07 16:52:19 +0100] head[52a3557][52a3557a28917bfc8a3f03f3e35f6a1cb6515280] at [2014/08/13 13:55:12] $"
#define  LIBCONFIG_GIT_VERSION "$Id: LIBCONFIG rev[2013-02-07 18:08:29 +0100] head[89c411a][89c411a541d4ab4d66257ccb85749853fd685cbb] at [2014/08/13 13:55:12] $"


------------------------------------------------- wid15dimax2 
------------------- (no saving)
623.RHLIMA> limatake 1.0e-6 5000 ;

623.RHLIMA> p tango_io("id15/pco/pcodimax1","talk", "traceAcq")
* fnId[_pco_acq_thread_dimax] nrEvents[4]
* roiLima xy0[0,0] xy1[2015,2015] size[2016,2016]
* imgSize[8128512 B] totSize[40642560000 B][38759.8 MB] xferSpeed[263.201 MB/s] <------ xfer  / talk "testCmd mode 0x0"
* nrImgRequested0[5000] nrImgRequested[5000] nrImgAcquired[5000] nrImgRecorded[5010] maxImgCount[6314]
* msRecordLoop[3713] msRecord[3807] endRecord[2014/08/13 15:43:41]
* msXfer[147263] endXfer[2014/08/13 15:46:08]
* msImgCoc[0.782] fps[1.28e+003] msTout[5080] msTotal[151070]
* msExposure[0.001] msDelay[0]

638.RHLIMA> limatake 1.0e-6 5000 ;

639.RHLIMA> p tango_io("id15/pco/pcodimax1","talk", "traceAcq")
* fnId[_pco_acq_thread_dimax] nrEvents[4]
* roiLima xy0[0,0] xy1[2015,2015] size[2016,2016]
* imgSize[8128512 B] totSize[40642560000 B][38759.8 MB] xferSpeed[200.466 MB/s] <------ xferMulti  / talk "testCmd mode 0x1"
* nrImgRequested0[5000] nrImgRequested[5000] nrImgAcquired[5000] nrImgRecorded[5026] maxImgCount[6314]
* msRecordLoop[3713] msRecord[3822] endRecord[2014/08/13 17:04:34]
* msXfer[193348] endXfer[2014/08/13 17:07:47]
* msImgCoc[0.782] fps[1.28e+003] msTout[5080] msTotal[197170]
* msExposure[0.001] msDelay[0]


642.RHLIMA>                                    
------------------- (saving 1 img/file)
629.RHLIMA> limatake 1.0e-6 5000 ;

630.RHLIMA> p tango_io("id15/pco/pcodimax1","talk", "traceAcq")
* fnId[_pco_acq_thread_dimax] nrEvents[4]
* roiLima xy0[0,0] xy1[2015,2015] size[2016,2016]
* imgSize[8128512 B] totSize[40642560000 B][38759.8 MB] xferSpeed[197.411 MB/s] <------
* nrImgRequested0[5000] nrImgRequested[5000] nrImgAcquired[5000] nrImgRecorded[5008] maxImgCount[6314]
* msRecordLoop[3698] msRecord[3801] endRecord[2014/08/13 16:08:03]
* msXfer[196340] endXfer[2014/08/13 16:11:19]
* msImgCoc[0.782] fps[1.28e+003] msTout[5080] msTotal[200141]
* msExposure[0.001] msDelay[0]


------------------- (saving 1000 img/file)
631.RHLIMA> limatake 1.0e-6 5000 ;
LIMA[pco] > Saving in d:/rhtest/test_5100.edf [AUTO_FRAME-EDF]

632.RHLIMA> p tango_io("id15/pco/pcodimax1","talk", "traceAcq")
* fnId[_pco_acq_thread_dimax] nrEvents[4]
* roiLima xy0[0,0] xy1[2015,2015] size[2016,2016]
* imgSize[8128512 B] totSize[40642560000 B][38759.8 MB] xferSpeed[236.675 MB/s] <-----
* nrImgRequested0[5000] nrImgRequested[5000] nrImgAcquired[5000] nrImgRecorded[5018] maxImgCount[6314]
* msRecordLoop[3712] msRecord[3806] endRecord[2014/08/13 16:22:30]
* msXfer[163768] endXfer[2014/08/13 16:25:14]
* msImgCoc[0.782] fps[1.28e+003] msTout[5080] msTotal[167574]
* msExposure[0.001] msDelay[0]

2014/08/12 18:41:46 ==========================================
#define        PCO_GIT_VERSION "$Id:       PCO rev[2014-08-12 17:53:13 +0200] head[759570f][759570f0683e3a529974bd21140b243d273c1e68] at [2014/08/12 18:41:46] $"
#define       LIMA_GIT_VERSION "$Id:      LIMA rev[2014-08-06 15:24:21 +0200] head[c6d6ce9][c6d6ce9c87b7a439cc76724e09cf8c479c4967fe] at [2014/08/12 18:41:46] $"
#define    PROCLIB_GIT_VERSION "$Id:   PROCLIB rev[2014-03-07 16:52:19 +0100] head[52a3557][52a3557a28917bfc8a3f03f3e35f6a1cb6515280] at [2014/08/12 18:41:46] $"
#define  LIBCONFIG_GIT_VERSION "$Id: LIBCONFIG rev[2013-02-07 18:08:29 +0100] head[89c411a][89c411a541d4ab4d66257ccb85749853fd685cbb] at [2014/08/12 18:41:46] $"


# 2014/08/12  =============================================
OPID15@WID15DIMAX2 /c/blissadm/git/Lima/camera/pco (master)
$ ./setId
#define        PCO_GIT_VERSION "$Id:       PCO rev[2014-08-12 11:50:43 +0200] head[6e01263][6e0126326adaaa0f00cdc6bf620ebf3705ade66a] at [2014/08/12 12:57:34] $"
#define       LIMA_GIT_VERSION "$Id:      LIMA rev[2014-08-06 15:24:21 +0200] head[c6d6ce9][c6d6ce9c87b7a439cc76724e09cf8c479c4967fe] at [2014/08/12 12:57:34] $"
#define    PROCLIB_GIT_VERSION "$Id:   PROCLIB rev[2014-03-07 16:52:19 +0100] head[52a3557][52a3557a28917bfc8a3f03f3e35f6a1cb6515280] at [2014/08/12 12:57:34] $"
#define  LIBCONFIG_GIT_VERSION "$Id: LIBCONFIG rev[2013-02-07 18:08:29 +0100] head[89c411a][89c411a541d4ab4d66257ccb85749853fd685cbb] at [2014/08/12 12:57:34] $"


# 2014/08/06  =============================================
opid15@WID15DIMAX2 /c/blissadm/git/Lima/camera/pco ((pco-1.3.3))
$ ./setId
#define        PCO_GIT_VERSION "$Id:       PCO rev[2014-07-31 11:27:47 +0200] head[53434d3][53434d3561cff9bc0509f056b666944df0e1a60b] at [2014/08/06 15:56:59] $"
#define       LIMA_GIT_VERSION "$Id:      LIMA rev[2014-08-06 15:24:21 +0200] head[c6d6ce9][c6d6ce9c87b7a439cc76724e09cf8c479c4967fe] at [2014/08/06 15:56:59] $"
#define    PROCLIB_GIT_VERSION "$Id:   PROCLIB rev[2014-03-07 16:52:19 +0100] head[52a3557][52a3557a28917bfc8a3f03f3e35f6a1cb6515280] at [2014/08/06 15:56:59] $"
#define  LIBCONFIG_GIT_VERSION "$Id: LIBCONFIG rev[2013-02-07 18:08:29 +0100] head[89c411a][89c411a541d4ab4d66257ccb85749853fd685cbb] at [2014/08/06 15:56:59] $"


# 2014/05/22  =============================================
homsrego@WID00LIMACE ~/git/pco/Lima/camera/pco (master)
$ ./setId
#define        PCO_GIT_VERSION "$Id:       PCO rev[2014-05-18 19:15:54 +0200] head[94f506c][94f506c77fa7209c660e8f540b4827783f96b468] at [2014/05/22 20:11:42] $"
#define       LIMA_GIT_VERSION "$Id:      LIMA rev[2014-05-19 17:57:36 +0200] head[b2213a2][b2213a21c71154181d7374c91f8e9d5dcaa436a6] at [2014/05/22 20:11:42] $"
#define    PROCLIB_GIT_VERSION "$Id:   PROCLIB rev[2014-03-07 16:52:19 +0100] head[52a3557][52a3557a28917bfc8a3f03f3e35f6a1cb6515280] at [2014/05/22 20:11:42] $"
#define  LIBCONFIG_GIT_VERSION "$Id: LIBCONFIG rev[2013-02-07 18:08:29 +0100] head[89c411a][89c411a541d4ab4d66257ccb85749853fd685cbb] at [2014/05/22 20:11:42] $"

