# 2018/09/13 - sdk 1.23.0001

ce02769842505fe79aad1719aaece7bb *./bin64/SC2_Cam.dll
7e2f767684fb4ffaf5a5fac1af0c7679 *./bin64/sc2_clhs.dll
918e60ce3c4a2556e4116de39119d32b *./bin64/sc2_clhs_org.dll
7e2f767684fb4ffaf5a5fac1af0c7679 *./bin64/sc2_clhs_v1.3.32.dll
e04d4556330b30378cdeeb047501c69c *./bin64/sc2_cl_me4.dll
4426d752e0d22d236bd6925f896778ad *./include/Pco_ConvDlgExport.h
b370ef77abafdfd072574f7fb073fca6 *./include/Pco_ConvExport.h
8fdc6c067d2a238d4471f1115bd8d796 *./include/Pco_ConvStructures.h
a8602fbf0e2f4d06e108a7eb0ff41844 *./include/Pco_edge_gs_calc_Export.h
2311eb7167e79534908f7d7a65d4238b *./include/PCO_err.h
38a93f0365a1b92e7900be003e1e7827 *./include/PCO_errt.h
1f2a3c56167094883ebb96a510b47efa *./include/PCO_Structures.h
84e2cd65ae9e0fb35906a88052660c6a *./include/SC2_CamExport.h
565bfd65d93fd9c5b0ac7b521299642d *./include/sc2_common.h
76f8cdfaffef70fb1737c90d7b4f7ced *./include/sc2_defs.h
276244167010a08c38e15b2510ac4931 *./include/SC2_DialogExport.h
adcb1f9eb853406532546cda7f4dccfc *./include/SC2_SDKAddendum.h
aeeceecc107a220c26daf62e4153cc65 *./include/sc2_SDKStructures.h
2f40c2bd787abebf4cfabd2303b6eba7 *./lib64/SC2_Cam.lib
1e3d3928580955d890298a73fcba9ee6 *./PcoSdkVersion.h
05d213aa47eb3d35416162fbd659da88 *./PcoSdkVersion.log

-rwxr-xr-x 1 HOMSREGO 1049089 473600 Sep 13 13:33 ./bin64/SC2_Cam.dll
-rwxr-xr-x 1 HOMSREGO 1049089 335872 Sep 13 13:33 ./bin64/sc2_cl_me4.dll
-rwxr-xr-x 1 HOMSREGO 1049089 315392 Sep 13 13:33 ./bin64/sc2_clhs.dll
-rwxr-xr-x 1 HOMSREGO 1049089 271872 Nov 15  2017 ./bin64/sc2_clhs_org.dll
-rwxr-xr-x 1 HOMSREGO 1049089 315392 Nov 15  2017 ./bin64/sc2_clhs_v1.3.32.dll
-rw-r--r-- 1 HOMSREGO 1049089   4633 Sep 13 13:20 ./include/Pco_ConvDlgExport.h
-rw-r--r-- 1 HOMSREGO 1049089   8938 Sep 13 13:20 ./include/Pco_ConvExport.h
-rw-r--r-- 1 HOMSREGO 1049089   9832 Sep 13 13:20 ./include/Pco_ConvStructures.h
-rw-r--r-- 1 HOMSREGO 1049089  18938 Sep 13 13:20 ./include/Pco_edge_gs_calc_Export.h
-rw-r--r-- 1 HOMSREGO 1049089  39926 Sep 13 13:20 ./include/PCO_err.h
-rw-r--r-- 1 HOMSREGO 1049089  38447 Sep 13 13:41 ./include/PCO_errt.h
-rw-r--r-- 1 HOMSREGO 1049089   2542 Sep 13 13:20 ./include/PCO_Structures.h
-rw-r--r-- 1 HOMSREGO 1049089 130739 Sep 13 13:20 ./include/SC2_CamExport.h
-rw-r--r-- 1 HOMSREGO 1049089   5915 Sep 13 13:20 ./include/sc2_common.h
-rw-r--r-- 1 HOMSREGO 1049089  63575 Sep 13 13:20 ./include/sc2_defs.h
-rw-r--r-- 1 HOMSREGO 1049089  10522 Sep 13 13:20 ./include/SC2_DialogExport.h
-rw-r--r-- 1 HOMSREGO 1049089  13337 Sep 13 13:20 ./include/SC2_SDKAddendum.h
-rw-r--r-- 1 HOMSREGO 1049089  52769 Sep 13 13:20 ./include/sc2_SDKStructures.h
-rw-r--r-- 1 HOMSREGO 1049089  49770 Sep 13 13:21 ./lib64/SC2_Cam.lib
-rw-r--r-- 1 HOMSREGO 1049089    102 Sep 13 13:48 ./PcoSdkVersion.h
-rw-r--r-- 1 HOMSREGO 1049089   1239 Sep 13 13:51 ./PcoSdkVersion.log

./:
total 13
drwxr-xr-x 1 HOMSREGO 1049089    0 Sep 10 15:07 bin64
drwxr-xr-x 1 HOMSREGO 1049089    0 Sep 13 13:41 include
drwxr-xr-x 1 HOMSREGO 1049089    0 Nov 15  2017 lib64
-rw-r--r-- 1 HOMSREGO 1049089  102 Sep 13 13:48 PcoSdkVersion.h
-rw-r--r-- 1 HOMSREGO 1049089 1239 Sep 13 13:51 PcoSdkVersion.log

./bin64:
total 1676
-rwxr-xr-x 1 HOMSREGO 1049089 473600 Sep 13 13:33 SC2_Cam.dll
-rwxr-xr-x 1 HOMSREGO 1049089 335872 Sep 13 13:33 sc2_cl_me4.dll
-rwxr-xr-x 1 HOMSREGO 1049089 315392 Sep 13 13:33 sc2_clhs.dll
-rwxr-xr-x 1 HOMSREGO 1049089 271872 Nov 15  2017 sc2_clhs_org.dll
-rwxr-xr-x 1 HOMSREGO 1049089 315392 Nov 15  2017 sc2_clhs_v1.3.32.dll

./include:
total 416
-rw-r--r-- 1 HOMSREGO 1049089   4633 Sep 13 13:20 Pco_ConvDlgExport.h
-rw-r--r-- 1 HOMSREGO 1049089   8938 Sep 13 13:20 Pco_ConvExport.h
-rw-r--r-- 1 HOMSREGO 1049089   9832 Sep 13 13:20 Pco_ConvStructures.h
-rw-r--r-- 1 HOMSREGO 1049089  18938 Sep 13 13:20 Pco_edge_gs_calc_Export.h
-rw-r--r-- 1 HOMSREGO 1049089  39926 Sep 13 13:20 PCO_err.h
-rw-r--r-- 1 HOMSREGO 1049089  38447 Sep 13 13:41 PCO_errt.h
-rw-r--r-- 1 HOMSREGO 1049089   2542 Sep 13 13:20 PCO_Structures.h
-rw-r--r-- 1 HOMSREGO 1049089 130739 Sep 13 13:20 SC2_CamExport.h
-rw-r--r-- 1 HOMSREGO 1049089   5915 Sep 13 13:20 sc2_common.h
-rw-r--r-- 1 HOMSREGO 1049089  63575 Sep 13 13:20 sc2_defs.h
-rw-r--r-- 1 HOMSREGO 1049089  10522 Sep 13 13:20 SC2_DialogExport.h
-rw-r--r-- 1 HOMSREGO 1049089  13337 Sep 13 13:20 SC2_SDKAddendum.h
-rw-r--r-- 1 HOMSREGO 1049089  52769 Sep 13 13:20 sc2_SDKStructures.h

./lib64:
total 52
-rw-r--r-- 1 HOMSREGO 1049089 49770 Sep 13 13:21 SC2_Cam.lib
